2025-05-16 19:09:32	Initialized. Chain height: -1, Txs: 0
2025-05-16 19:09:32	Entity (00000101, 0000000000000000000000000000000000000000) added successfully
2025-05-16 19:09:32	Entity (00000201, 0000000000000000000000000000000000000000) added successfully
2025-05-16 19:09:32	Entity (00000102, 0000000000000000000000000000000000000000) added successfully
2025-05-16 19:09:32	Entity (00000202, 0000000000000000000000000000000000000000) added successfully
2025-05-16 19:09:32	Entity (0000010A, 0000000000000000000000000000000000000000) added successfully
2025-05-16 19:09:32	Entity (0000010B, 0000000000000000000000000000000000000000) added successfully
2025-05-16 19:09:32	Entity (0000010F, 0000000000000000000000000000000000000000) added successfully
2025-05-16 19:09:32	Entity (00000103, f8fbc59c1ca7f25340318170af870ef6b048216b) added successfully
2025-05-16 19:09:32	Entity (00000203, f8fbc59c1ca7f25340318170af870ef6b048216b) added successfully
2025-05-16 19:09:32	Entity (00000105, 00000000507a31d4eeb013a283b53770736f4444) added successfully
2025-05-16 19:09:32	Entity (00000205, 00000000507a31d4eeb013a283b53770736f4444) added successfully
2025-05-16 19:09:32	Entity (00000106, 00000000507a31d4eeb013a283b53770736f4444) added successfully
2025-05-16 19:09:32	Entity (00000206, 00000000507a31d4eeb013a283b53770736f4444) added successfully
2025-05-16 19:09:32	Entity (00000107, 00000000507a31d4eeb013a283b53770736f4444) added successfully
2025-05-16 19:09:32	Entity (00000207, 00000000507a31d4eeb013a283b53770736f4444) added successfully
2025-05-16 19:09:32	Entity (00000105, 00000000507a31d4eeb013a283b53770736f4444) already in the wallet
2025-05-16 19:09:32	Entity (00000205, 00000000507a31d4eeb013a283b53770736f4444) already in the wallet
2025-05-16 19:09:32	Entity (00000106, 00000000507a31d4eeb013a283b53770736f4444) already in the wallet
2025-05-16 19:09:32	Entity (00000206, 00000000507a31d4eeb013a283b53770736f4444) already in the wallet
2025-05-16 19:09:32	Entity (00000107, 00000000507a31d4eeb013a283b53770736f4444) already in the wallet
2025-05-16 19:09:32	Entity (00000207, 00000000507a31d4eeb013a283b53770736f4444) already in the wallet
2025-05-16 19:09:32	NewData 00000000000000000000014b0000000000000000000000000000000000000002, block 0, flags 00000000, import 0
2025-05-16 19:09:32	NewBlock 0, Txs: 1, Rows: 4
2025-05-16 19:09:32	NewTx 84f8af9016eb21526d8c438987e3b587b2c8860d691c229be9c5822bb32b30d3, block 1, flags 00000006, import 0
2025-05-16 19:09:32	NewBlock 1, Txs: 1, Rows: 6
2025-05-16 19:09:32	NewBlock 2, Txs: 0, Rows: 0
2025-05-16 19:09:32	NewBlock 3, Txs: 0, Rows: 0
2025-05-16 19:09:32	NewBlock 4, Txs: 0, Rows: 0
2025-05-16 19:09:32	NewBlock 5, Txs: 0, Rows: 0
2025-05-16 19:09:33	NewBlock 6, Txs: 0, Rows: 0
2025-05-16 19:09:33	NewBlock 7, Txs: 0, Rows: 0
2025-05-16 19:09:33	NewBlock 8, Txs: 0, Rows: 0
2025-05-16 19:09:33	NewBlock 9, Txs: 0, Rows: 0
2025-05-16 19:09:33	NewBlock 10, Txs: 0, Rows: 0
2025-05-16 19:09:33	NewBlock 11, Txs: 0, Rows: 0
2025-05-16 19:09:33	NewBlock 12, Txs: 0, Rows: 0
2025-05-16 19:09:33	NewBlock 13, Txs: 0, Rows: 0
2025-05-16 19:09:33	NewBlock 14, Txs: 0, Rows: 0
2025-05-16 19:09:33	NewBlock 15, Txs: 0, Rows: 0
2025-05-16 19:09:33	NewBlock 16, Txs: 0, Rows: 0
2025-05-16 19:09:33	NewBlock 17, Txs: 0, Rows: 0
2025-05-16 19:09:33	NewBlock 18, Txs: 0, Rows: 0
2025-05-16 19:09:33	NewBlock 19, Txs: 0, Rows: 0
2025-05-16 19:09:33	NewBlock 20, Txs: 0, Rows: 0
2025-05-16 19:09:33	NewBlock 21, Txs: 0, Rows: 0
2025-05-16 19:09:33	NewBlock 22, Txs: 0, Rows: 0
2025-05-16 19:09:33	NewBlock 23, Txs: 0, Rows: 0
2025-05-16 19:09:33	NewBlock 24, Txs: 0, Rows: 0
2025-05-16 19:09:34	NewBlock 25, Txs: 0, Rows: 0
2025-05-16 19:09:34	NewBlock 26, Txs: 0, Rows: 0
2025-05-16 19:09:34	NewData 00000000000000000000014b0000000000000000000000000000000000000002, block 27, flags 00000000, import 0
2025-05-16 19:09:34	NewTx 83eb6d499548f608d98eb54c56f233fcebbb3467d5d591d2ae97a22f0fc412e2, block 27, flags 00030004, import 0
2025-05-16 19:09:34	NewBlock 27, Txs: 1, Rows: 9
2025-05-16 19:09:34	NewBlock 28, Txs: 0, Rows: 0
2025-05-16 19:09:34	NewBlock 29, Txs: 0, Rows: 0
2025-05-16 19:09:34	NewBlock 30, Txs: 0, Rows: 0
2025-05-16 19:09:34	NewBlock 31, Txs: 0, Rows: 0
2025-05-16 19:09:34	NewBlock 32, Txs: 0, Rows: 0
2025-05-16 19:09:34	NewBlock 33, Txs: 0, Rows: 0
2025-05-16 19:09:34	NewBlock 34, Txs: 0, Rows: 0
2025-05-16 19:09:34	NewBlock 35, Txs: 0, Rows: 0
2025-05-16 19:09:34	NewBlock 36, Txs: 0, Rows: 0
2025-05-16 19:09:34	NewBlock 37, Txs: 0, Rows: 0
2025-05-16 19:09:34	NewBlock 38, Txs: 0, Rows: 0
2025-05-16 19:09:34	NewBlock 39, Txs: 0, Rows: 0
2025-05-16 19:09:35	NewBlock 40, Txs: 0, Rows: 0
2025-05-16 19:09:35	NewBlock 41, Txs: 0, Rows: 0
2025-05-16 19:09:35	NewBlock 42, Txs: 0, Rows: 0
2025-05-16 19:09:35	NewBlock 43, Txs: 0, Rows: 0
2025-05-16 19:09:35	NewBlock 44, Txs: 0, Rows: 0
2025-05-16 19:09:35	NewBlock 45, Txs: 0, Rows: 0
2025-05-16 19:09:35	NewBlock 46, Txs: 0, Rows: 0
2025-05-16 19:09:35	NewBlock 47, Txs: 0, Rows: 0
2025-05-16 19:09:35	NewBlock 48, Txs: 0, Rows: 0
2025-05-16 19:09:35	NewBlock 49, Txs: 0, Rows: 0
2025-05-16 19:09:35	NewBlock 50, Txs: 0, Rows: 0
2025-05-16 19:09:35	NewBlock 51, Txs: 0, Rows: 0
2025-05-16 19:09:35	NewBlock 52, Txs: 0, Rows: 0
2025-05-16 19:09:35	NewBlock 53, Txs: 0, Rows: 0
2025-05-16 19:09:35	NewBlock 54, Txs: 0, Rows: 0
2025-05-16 19:09:35	NewBlock 55, Txs: 0, Rows: 0
2025-05-16 19:09:36	NewBlock 56, Txs: 0, Rows: 0
2025-05-16 19:09:36	NewBlock 57, Txs: 0, Rows: 0
2025-05-16 19:09:36	NewBlock 58, Txs: 0, Rows: 0
2025-05-16 19:09:36	NewBlock 59, Txs: 0, Rows: 0
2025-05-16 19:09:36	NewTx b0e6a68996bb2adb7ba7ee70cf0c1a8d130ad864927a45c557e23a4b68d5d93f, block 60, flags 00030004, import 0
2025-05-16 19:09:36	NewBlock 60, Txs: 1, Rows: 6
2025-05-16 19:09:36	NewBlock 61, Txs: 0, Rows: 0
2025-05-16 19:09:36	NewBlock 62, Txs: 0, Rows: 0
2025-05-16 19:09:36	NewBlock 63, Txs: 0, Rows: 0
2025-05-16 19:09:36	NewBlock 64, Txs: 0, Rows: 0
2025-05-16 19:09:36	NewBlock 65, Txs: 0, Rows: 0
2025-05-16 19:09:36	NewBlock 66, Txs: 0, Rows: 0
2025-05-16 19:09:36	NewBlock 67, Txs: 0, Rows: 0
2025-05-16 19:09:36	NewBlock 68, Txs: 0, Rows: 0
2025-05-16 19:09:36	NewBlock 69, Txs: 0, Rows: 0
2025-05-16 19:09:36	NewBlock 70, Txs: 0, Rows: 0
2025-05-16 19:09:36	NewTx ddc85b3ec9795a9d4eccd5ca33b54aa81a3de2ba2a52c47dc6d1ccc375722531, block 71, flags 00030004, import 0
2025-05-16 19:09:36	NewBlock 71, Txs: 1, Rows: 6
2025-05-16 19:09:37	NewBlock 72, Txs: 0, Rows: 0
2025-05-16 19:09:37	NewBlock 73, Txs: 0, Rows: 0
2025-05-16 19:09:37	NewBlock 74, Txs: 0, Rows: 0
2025-05-16 19:09:37	NewBlock 75, Txs: 0, Rows: 0
2025-05-16 19:09:37	NewBlock 76, Txs: 0, Rows: 0
2025-05-16 19:09:37	NewBlock 77, Txs: 0, Rows: 0
2025-05-16 19:09:37	NewBlock 78, Txs: 0, Rows: 0
2025-05-16 19:09:37	NewBlock 79, Txs: 0, Rows: 0
2025-05-16 19:09:37	NewBlock 80, Txs: 0, Rows: 0
2025-05-16 19:09:37	NewBlock 81, Txs: 0, Rows: 0
2025-05-16 19:09:37	NewTx ca4e094badc02495f05c0eafebc010d7fb207f1ab0b770b9821c3d423d98f990, block 82, flags 00030004, import 0
2025-05-16 19:09:37	NewBlock 82, Txs: 1, Rows: 6
2025-05-16 19:09:37	NewBlock 83, Txs: 0, Rows: 0
2025-05-16 19:09:37	NewBlock 84, Txs: 0, Rows: 0
2025-05-16 19:09:37	NewBlock 85, Txs: 0, Rows: 0
2025-05-16 19:09:37	NewBlock 86, Txs: 0, Rows: 0
2025-05-16 19:09:37	NewBlock 87, Txs: 0, Rows: 0
2025-05-16 19:09:37	NewBlock 88, Txs: 0, Rows: 0
2025-05-16 19:09:37	NewBlock 89, Txs: 0, Rows: 0
2025-05-16 19:09:38	NewBlock 90, Txs: 0, Rows: 0
2025-05-16 19:09:38	NewBlock 91, Txs: 0, Rows: 0
2025-05-16 19:09:38	NewBlock 92, Txs: 0, Rows: 0
2025-05-16 19:09:38	NewTx 40d82ea516ccbffb015cf985b8e8803346a41d97c83dd9a6025239581be83213, block 93, flags 00030004, import 0
2025-05-16 19:09:38	NewBlock 93, Txs: 1, Rows: 6
2025-05-16 19:09:38	NewBlock 94, Txs: 0, Rows: 0
2025-05-16 19:09:38	NewBlock 95, Txs: 0, Rows: 0
2025-05-16 19:09:38	NewBlock 96, Txs: 0, Rows: 0
2025-05-16 19:09:38	NewBlock 97, Txs: 0, Rows: 0
2025-05-16 19:09:38	NewBlock 98, Txs: 0, Rows: 0
2025-05-16 19:09:38	NewBlock 99, Txs: 0, Rows: 0
2025-05-16 19:09:38	NewBlock 100, Txs: 0, Rows: 0
2025-05-16 19:09:38	NewBlock 101, Txs: 0, Rows: 0
2025-05-16 19:09:38	NewBlock 102, Txs: 0, Rows: 0
2025-05-16 19:09:38	NewBlock 103, Txs: 0, Rows: 0
2025-05-16 19:09:38	NewTx 3b23be77e8ef7bb59c42f994fdcf747f7943cd3259d523f0e2d0bbb273e6aed3, block 104, flags 00030004, import 0
2025-05-16 19:09:38	NewBlock 104, Txs: 1, Rows: 6
2025-05-16 19:09:38	NewBlock 105, Txs: 0, Rows: 0
2025-05-16 19:09:38	NewBlock 106, Txs: 0, Rows: 0
2025-05-16 19:09:38	NewBlock 107, Txs: 0, Rows: 0
2025-05-16 19:09:39	NewBlock 108, Txs: 0, Rows: 0
2025-05-16 19:09:39	NewBlock 109, Txs: 0, Rows: 0
2025-05-16 19:09:39	NewBlock 110, Txs: 0, Rows: 0
2025-05-16 19:09:39	NewBlock 111, Txs: 0, Rows: 0
2025-05-16 19:09:39	NewBlock 112, Txs: 0, Rows: 0
2025-05-16 19:09:39	NewBlock 113, Txs: 0, Rows: 0
2025-05-16 19:09:39	NewBlock 114, Txs: 0, Rows: 0
2025-05-16 19:09:39	NewTx ee4ced3cc392fa676ed9366f6f377331c812628a8621e6883fbeb3ac1d647ddb, block 115, flags 00030004, import 0
2025-05-16 19:09:39	NewBlock 115, Txs: 1, Rows: 6
2025-05-16 19:09:39	NewBlock 116, Txs: 0, Rows: 0
2025-05-16 19:09:39	NewBlock 117, Txs: 0, Rows: 0
2025-05-16 19:09:39	NewBlock 118, Txs: 0, Rows: 0
2025-05-16 19:09:39	NewBlock 119, Txs: 0, Rows: 0
2025-05-16 19:09:39	NewBlock 120, Txs: 0, Rows: 0
2025-05-16 19:09:39	NewBlock 121, Txs: 0, Rows: 0
2025-05-16 19:09:39	NewBlock 122, Txs: 0, Rows: 0
2025-05-16 19:09:39	NewBlock 123, Txs: 0, Rows: 0
2025-05-16 19:09:39	NewBlock 124, Txs: 0, Rows: 0
2025-05-16 19:09:40	NewBlock 125, Txs: 0, Rows: 0
2025-05-16 19:09:40	NewTx c8c82a9d1b8ad12341e3f6ebc5f7f5131db3ea1b92a8e7379d82771e32de041a, block 126, flags 00030004, import 0
2025-05-16 19:09:40	NewBlock 126, Txs: 1, Rows: 6
2025-05-16 19:09:40	NewBlock 127, Txs: 0, Rows: 0
2025-05-16 19:09:40	NewBlock 128, Txs: 0, Rows: 0
2025-05-16 19:09:40	NewBlock 129, Txs: 0, Rows: 0
2025-05-16 19:09:40	NewBlock 130, Txs: 0, Rows: 0
2025-05-16 19:09:40	NewBlock 131, Txs: 0, Rows: 0
2025-05-16 19:09:40	NewBlock 132, Txs: 0, Rows: 0
2025-05-16 19:09:40	NewBlock 133, Txs: 0, Rows: 0
2025-05-16 19:09:40	NewBlock 134, Txs: 0, Rows: 0
2025-05-16 19:09:40	NewBlock 135, Txs: 0, Rows: 0
2025-05-16 19:09:40	NewBlock 136, Txs: 0, Rows: 0
2025-05-16 19:09:41	NewTx 8dccc2c85f46093c0e7fc7a55ca65dd0935b3cd1f376a63937a89c64f0471c9f, block 137, flags 00030004, import 0
2025-05-16 19:09:41	NewBlock 137, Txs: 1, Rows: 6
2025-05-16 19:09:41	NewBlock 138, Txs: 0, Rows: 0
2025-05-16 19:09:41	NewBlock 139, Txs: 0, Rows: 0
2025-05-16 19:09:41	NewBlock 140, Txs: 0, Rows: 0
2025-05-16 19:09:41	NewBlock 141, Txs: 0, Rows: 0
2025-05-16 19:09:41	NewBlock 142, Txs: 0, Rows: 0
2025-05-16 19:09:41	NewBlock 143, Txs: 0, Rows: 0
2025-05-16 19:09:41	NewBlock 144, Txs: 0, Rows: 0
2025-05-16 19:09:41	NewBlock 145, Txs: 0, Rows: 0
2025-05-16 19:09:41	NewBlock 146, Txs: 0, Rows: 0
2025-05-16 19:09:41	NewBlock 147, Txs: 0, Rows: 0
2025-05-16 19:09:41	NewData 00000000000000000000014b0000000000000000000000000000000000000002, block 148, flags 00000000, import 0
2025-05-16 19:09:41	NewTx 6abf69d740d8a9e3aa56708f72d71b0f5dda2dae48ef9c87ef79dce181956fd6, block 148, flags 00030004, import 0
2025-05-16 19:09:41	NewBlock 148, Txs: 1, Rows: 9
2025-05-16 19:09:41	NewBlock 149, Txs: 0, Rows: 0
2025-05-16 19:09:41	NewBlock 150, Txs: 0, Rows: 0
2025-05-16 19:09:42	NewBlock 151, Txs: 0, Rows: 0
2025-05-16 19:09:42	NewBlock 152, Txs: 0, Rows: 0
2025-05-16 19:09:42	NewBlock 153, Txs: 0, Rows: 0
2025-05-16 19:09:42	NewBlock 154, Txs: 0, Rows: 0
2025-05-16 19:09:42	NewBlock 155, Txs: 0, Rows: 0
2025-05-16 19:09:42	NewBlock 156, Txs: 0, Rows: 0
2025-05-16 19:09:42	NewBlock 157, Txs: 0, Rows: 0
2025-05-16 19:09:42	NewBlock 158, Txs: 0, Rows: 0
2025-05-16 19:09:42	NewTx e6f00641a97adde5c81849b14f654edaba4050b3650617433800009c44e47a35, block 159, flags 00030004, import 0
2025-05-16 19:09:42	NewTx 9b21d74d22992839e5e4bc94a24148ef306f1b2e91e05a259c553a4502879045, block 159, flags 00030004, import 0
2025-05-16 19:09:42	NewBlock 159, Txs: 2, Rows: 12
2025-05-16 19:09:42	NewBlock 160, Txs: 0, Rows: 0
2025-05-16 19:09:42	NewBlock 161, Txs: 0, Rows: 0
2025-05-16 19:09:42	NewBlock 162, Txs: 0, Rows: 0
2025-05-16 19:09:42	NewBlock 163, Txs: 0, Rows: 0
2025-05-16 19:09:42	NewBlock 164, Txs: 0, Rows: 0
2025-05-16 19:09:42	NewBlock 165, Txs: 0, Rows: 0
2025-05-16 19:09:42	NewBlock 166, Txs: 0, Rows: 0
2025-05-16 19:09:42	NewBlock 167, Txs: 0, Rows: 0
2025-05-16 19:09:42	NewBlock 168, Txs: 0, Rows: 0
2025-05-16 19:09:43	NewBlock 169, Txs: 0, Rows: 0
2025-05-16 19:09:43	NewTx e8e3e6201bca22b0d47390fdf54d2a8b7445987cdb19a26b8d8751619e14f06f, block 170, flags 00030004, import 0
2025-05-16 19:09:43	NewBlock 170, Txs: 1, Rows: 6
2025-05-16 19:09:43	NewBlock 171, Txs: 0, Rows: 0
2025-05-16 19:09:43	NewBlock 172, Txs: 0, Rows: 0
2025-05-16 19:09:43	NewBlock 173, Txs: 0, Rows: 0
2025-05-16 19:09:43	NewBlock 174, Txs: 0, Rows: 0
2025-05-16 19:09:43	NewBlock 175, Txs: 0, Rows: 0
2025-05-16 19:09:43	NewBlock 176, Txs: 0, Rows: 0
2025-05-16 19:09:43	NewBlock 177, Txs: 0, Rows: 0
2025-05-16 19:09:43	NewBlock 178, Txs: 0, Rows: 0
2025-05-16 19:09:43	NewBlock 179, Txs: 0, Rows: 0
2025-05-16 19:09:43	NewBlock 180, Txs: 0, Rows: 0
2025-05-16 19:09:43	NewTx a267c2f546bd79947c63a57a0301a36a658bb71ef495496bf39e4dd079ee61fa, block 181, flags 00030004, import 0
2025-05-16 19:09:43	NewBlock 181, Txs: 1, Rows: 6
2025-05-16 19:09:43	NewBlock 182, Txs: 0, Rows: 0
2025-05-16 19:09:43	NewBlock 183, Txs: 0, Rows: 0
2025-05-16 19:09:43	NewBlock 184, Txs: 0, Rows: 0
2025-05-16 19:09:43	NewBlock 185, Txs: 0, Rows: 0
2025-05-16 19:09:43	NewBlock 186, Txs: 0, Rows: 0
2025-05-16 19:09:44	NewBlock 187, Txs: 0, Rows: 0
2025-05-16 19:09:44	NewBlock 188, Txs: 0, Rows: 0
2025-05-16 19:09:44	NewBlock 189, Txs: 0, Rows: 0
2025-05-16 19:09:44	NewBlock 190, Txs: 0, Rows: 0
2025-05-16 19:09:44	NewBlock 191, Txs: 0, Rows: 0
2025-05-16 19:09:44	NewTx 9895a83e13dfc68c4b9a30f68b850aced7360639582391c5b7ca80d66b4ef7b6, block 192, flags 00030004, import 0
2025-05-16 19:09:44	NewBlock 192, Txs: 1, Rows: 6
2025-05-16 19:09:44	NewBlock 193, Txs: 0, Rows: 0
2025-05-16 19:09:44	NewBlock 194, Txs: 0, Rows: 0
2025-05-16 19:09:44	NewBlock 195, Txs: 0, Rows: 0
2025-05-16 19:09:44	NewBlock 196, Txs: 0, Rows: 0
2025-05-16 19:09:44	NewBlock 197, Txs: 0, Rows: 0
2025-05-16 19:09:44	NewBlock 198, Txs: 0, Rows: 0
2025-05-16 19:09:44	NewBlock 199, Txs: 0, Rows: 0
2025-05-16 19:09:44	NewBlock 200, Txs: 0, Rows: 0
2025-05-16 19:09:44	NewBlock 201, Txs: 0, Rows: 0
2025-05-16 19:09:44	NewBlock 202, Txs: 0, Rows: 0
2025-05-16 19:09:44	NewTx e5cb660c741f13ba876b3247951d5f57ddef364f6b184b503dc1b00bed6fbc5c, block -1, flags 00030004, import 0
2025-05-16 19:09:44	Setting flag 00000001 to tx e5cb660c741f13ba876b3247951d5f57ddef364f6b184b503dc1b00bed6fbc5c
2025-05-16 19:09:44	NewTx c369621cb4048523afde185661a584c16c824dc79fa0cc4a54bf8dc5e59859c3, block 203, flags 00030004, import 0
2025-05-16 19:09:45	NewBlock 203, Txs: 2, Rows: 9
2025-05-16 19:09:45	Setting flag 00000001 to tx e5cb660c741f13ba876b3247951d5f57ddef364f6b184b503dc1b00bed6fbc5c
2025-05-16 19:09:45	NewBlock 204, Txs: 0, Rows: 0
2025-05-16 19:09:45	Setting flag 00000001 to tx e5cb660c741f13ba876b3247951d5f57ddef364f6b184b503dc1b00bed6fbc5c
2025-05-16 19:09:45	NewBlock 205, Txs: 0, Rows: 0
2025-05-16 19:09:45	Setting flag 00000001 to tx e5cb660c741f13ba876b3247951d5f57ddef364f6b184b503dc1b00bed6fbc5c
2025-05-16 19:09:45	NewBlock 206, Txs: 0, Rows: 0
2025-05-16 19:09:45	Setting flag 00000001 to tx e5cb660c741f13ba876b3247951d5f57ddef364f6b184b503dc1b00bed6fbc5c
2025-05-16 19:09:45	NewBlock 207, Txs: 0, Rows: 0
2025-05-16 19:09:45	Setting flag 00000001 to tx e5cb660c741f13ba876b3247951d5f57ddef364f6b184b503dc1b00bed6fbc5c
2025-05-16 19:09:45	NewBlock 208, Txs: 0, Rows: 0
2025-05-16 19:09:45	Setting flag 00000001 to tx e5cb660c741f13ba876b3247951d5f57ddef364f6b184b503dc1b00bed6fbc5c
2025-05-16 19:09:45	NewBlock 209, Txs: 0, Rows: 0
2025-05-16 19:09:45	Setting flag 00000001 to tx e5cb660c741f13ba876b3247951d5f57ddef364f6b184b503dc1b00bed6fbc5c
2025-05-16 19:09:45	NewBlock 210, Txs: 0, Rows: 0
2025-05-16 19:09:45	Setting flag 00000001 to tx e5cb660c741f13ba876b3247951d5f57ddef364f6b184b503dc1b00bed6fbc5c
2025-05-16 19:09:45	NewBlock 211, Txs: 0, Rows: 0
2025-05-16 19:09:45	Setting flag 00000001 to tx e5cb660c741f13ba876b3247951d5f57ddef364f6b184b503dc1b00bed6fbc5c
2025-05-16 19:09:45	NewBlock 212, Txs: 0, Rows: 0
2025-05-16 19:09:45	Setting flag 00000001 to tx e5cb660c741f13ba876b3247951d5f57ddef364f6b184b503dc1b00bed6fbc5c
2025-05-16 19:09:45	NewBlock 213, Txs: 0, Rows: 0
2025-05-16 19:09:45	Setting flag 00000001 to tx e5cb660c741f13ba876b3247951d5f57ddef364f6b184b503dc1b00bed6fbc5c
2025-05-16 19:09:45	NewTx 89abeace8282d8ac0df0b4699e49ffbdd097c1708a67f0b18d5fd80d20fd7186, block 214, flags 00030004, import 0
2025-05-16 19:09:45	NewTx a11e61828d1295747e34dd3877de96c416244580e569fd625196083e05a3dfbc, block 214, flags 00030004, import 0
2025-05-16 19:09:45	NewBlock 214, Txs: 2, Rows: 12
2025-05-16 19:09:45	Setting flag 00000001 to tx e5cb660c741f13ba876b3247951d5f57ddef364f6b184b503dc1b00bed6fbc5c
2025-05-16 19:09:45	NewBlock 215, Txs: 0, Rows: 0
2025-05-16 19:09:45	Setting flag 00000001 to tx e5cb660c741f13ba876b3247951d5f57ddef364f6b184b503dc1b00bed6fbc5c
2025-05-16 19:09:45	NewBlock 216, Txs: 0, Rows: 0
2025-05-16 19:09:45	Setting flag 00000001 to tx e5cb660c741f13ba876b3247951d5f57ddef364f6b184b503dc1b00bed6fbc5c
2025-05-16 19:09:46	NewBlock 217, Txs: 0, Rows: 0
2025-05-16 19:09:46	Setting flag 00000001 to tx e5cb660c741f13ba876b3247951d5f57ddef364f6b184b503dc1b00bed6fbc5c
2025-05-16 19:09:46	NewTx fb3fc87ad5059124e18dcfb12393a4af3859702867be7f96ed5fdfd7d6c0afe8, block 218, flags 00030004, import 0
2025-05-16 19:09:46	NewBlock 218, Txs: 1, Rows: 6
2025-05-16 19:09:46	Setting flag 00000001 to tx e5cb660c741f13ba876b3247951d5f57ddef364f6b184b503dc1b00bed6fbc5c
2025-05-16 19:09:46	NewBlock 219, Txs: 0, Rows: 0
2025-05-16 19:09:46	Setting flag 00000001 to tx e5cb660c741f13ba876b3247951d5f57ddef364f6b184b503dc1b00bed6fbc5c
2025-05-16 19:09:46	NewBlock 220, Txs: 0, Rows: 0
2025-05-16 19:09:46	Setting flag 00000001 to tx e5cb660c741f13ba876b3247951d5f57ddef364f6b184b503dc1b00bed6fbc5c
2025-05-16 19:09:46	NewBlock 221, Txs: 0, Rows: 0
2025-05-16 19:09:46	Setting flag 00000001 to tx e5cb660c741f13ba876b3247951d5f57ddef364f6b184b503dc1b00bed6fbc5c
2025-05-16 19:09:46	NewBlock 222, Txs: 0, Rows: 0
2025-05-16 19:09:46	Setting flag 00000001 to tx e5cb660c741f13ba876b3247951d5f57ddef364f6b184b503dc1b00bed6fbc5c
2025-05-16 19:09:46	NewBlock 223, Txs: 0, Rows: 0
2025-05-16 19:09:46	Setting flag 00000001 to tx e5cb660c741f13ba876b3247951d5f57ddef364f6b184b503dc1b00bed6fbc5c
2025-05-16 19:09:46	NewBlock 224, Txs: 0, Rows: 0
2025-05-16 19:09:46	Setting flag 00000001 to tx e5cb660c741f13ba876b3247951d5f57ddef364f6b184b503dc1b00bed6fbc5c
2025-05-16 19:09:46	NewBlock 225, Txs: 0, Rows: 0
2025-05-16 19:09:46	Setting flag 00000001 to tx e5cb660c741f13ba876b3247951d5f57ddef364f6b184b503dc1b00bed6fbc5c
2025-05-16 19:09:46	NewBlock 226, Txs: 0, Rows: 0
2025-05-16 19:09:46	Setting flag 00000001 to tx e5cb660c741f13ba876b3247951d5f57ddef364f6b184b503dc1b00bed6fbc5c
2025-05-16 19:09:46	NewBlock 227, Txs: 0, Rows: 0
2025-05-16 19:09:46	Setting flag 00000001 to tx e5cb660c741f13ba876b3247951d5f57ddef364f6b184b503dc1b00bed6fbc5c
2025-05-16 19:09:46	NewBlock 228, Txs: 0, Rows: 0
2025-05-16 19:09:46	Setting flag 00000001 to tx e5cb660c741f13ba876b3247951d5f57ddef364f6b184b503dc1b00bed6fbc5c
2025-05-16 19:50:54	NewTx 0430a9e8f80c3207abcd5f653baff0ddd5f7b258960e9af89b76f0e2ed919f19, block -1, flags 00030004, import 0
2025-05-16 19:51:11	UpdateTx 0430a9e8f8, block 229, flags 00030004, import 0
2025-05-16 19:51:11	NewBlock 229, Txs: 1, Rows: 6
2025-05-16 19:51:11	Setting flag 00000001 to tx e5cb660c741f13ba876b3247951d5f57ddef364f6b184b503dc1b00bed6fbc5c
2025-05-16 19:51:16	NewBlock 230, Txs: 0, Rows: 0
2025-05-16 19:51:16	Setting flag 00000001 to tx e5cb660c741f13ba876b3247951d5f57ddef364f6b184b503dc1b00bed6fbc5c
2025-05-16 19:51:17	NewBlock 231, Txs: 0, Rows: 0
2025-05-16 19:51:17	Setting flag 00000001 to tx e5cb660c741f13ba876b3247951d5f57ddef364f6b184b503dc1b00bed6fbc5c
2025-05-16 19:51:19	NewBlock 232, Txs: 0, Rows: 0
2025-05-16 19:51:19	Setting flag 00000001 to tx e5cb660c741f13ba876b3247951d5f57ddef364f6b184b503dc1b00bed6fbc5c
2025-05-16 19:51:25	NewBlock 233, Txs: 0, Rows: 0
2025-05-16 19:51:25	Setting flag 00000001 to tx e5cb660c741f13ba876b3247951d5f57ddef364f6b184b503dc1b00bed6fbc5c
2025-05-16 19:51:27	NewBlock 234, Txs: 0, Rows: 0
2025-05-16 19:51:27	Setting flag 00000001 to tx e5cb660c741f13ba876b3247951d5f57ddef364f6b184b503dc1b00bed6fbc5c
2025-05-16 19:51:31	NewBlock 235, Txs: 0, Rows: 0
2025-05-16 19:51:31	Setting flag 00000001 to tx e5cb660c741f13ba876b3247951d5f57ddef364f6b184b503dc1b00bed6fbc5c
2025-05-16 19:51:47	NewBlock 236, Txs: 0, Rows: 0
2025-05-16 19:51:47	Setting flag 00000001 to tx e5cb660c741f13ba876b3247951d5f57ddef364f6b184b503dc1b00bed6fbc5c
2025-05-16 19:51:54	NewBlock 237, Txs: 0, Rows: 0
2025-05-16 19:51:54	Setting flag 00000001 to tx e5cb660c741f13ba876b3247951d5f57ddef364f6b184b503dc1b00bed6fbc5c
2025-05-16 19:51:56	NewBlock 238, Txs: 0, Rows: 0
2025-05-16 19:51:57	Setting flag 00000001 to tx e5cb660c741f13ba876b3247951d5f57ddef364f6b184b503dc1b00bed6fbc5c
2025-05-16 19:51:57	NewBlock 239, Txs: 0, Rows: 0
2025-05-16 19:51:57	Setting flag 00000001 to tx e5cb660c741f13ba876b3247951d5f57ddef364f6b184b503dc1b00bed6fbc5c
2025-05-16 19:57:51	NewTx 8c8c56cd2609809efa3296e2d3db7b54675c4a45baabb9e21654c3267d3de2ab, block -1, flags 00030004, import 0
2025-05-16 19:58:05	UpdateTx 8c8c56cd26, block 240, flags 00030004, import 0
2025-05-16 19:58:05	NewBlock 240, Txs: 1, Rows: 6
2025-05-16 19:58:05	Setting flag 00000001 to tx e5cb660c741f13ba876b3247951d5f57ddef364f6b184b503dc1b00bed6fbc5c
2025-05-16 19:58:14	NewBlock 241, Txs: 0, Rows: 0
2025-05-16 19:58:14	Setting flag 00000001 to tx e5cb660c741f13ba876b3247951d5f57ddef364f6b184b503dc1b00bed6fbc5c
2025-05-16 19:58:23	NewBlock 242, Txs: 0, Rows: 0
2025-05-16 19:58:23	Setting flag 00000001 to tx e5cb660c741f13ba876b3247951d5f57ddef364f6b184b503dc1b00bed6fbc5c
2025-05-16 19:58:32	NewBlock 243, Txs: 0, Rows: 0
2025-05-16 19:58:32	Setting flag 00000001 to tx e5cb660c741f13ba876b3247951d5f57ddef364f6b184b503dc1b00bed6fbc5c
2025-05-16 19:58:42	NewBlock 244, Txs: 0, Rows: 0
2025-05-16 19:58:42	Setting flag 00000001 to tx e5cb660c741f13ba876b3247951d5f57ddef364f6b184b503dc1b00bed6fbc5c
2025-05-16 19:58:46	NewBlock 245, Txs: 0, Rows: 0
2025-05-16 19:58:46	Setting flag 00000001 to tx e5cb660c741f13ba876b3247951d5f57ddef364f6b184b503dc1b00bed6fbc5c
2025-05-16 19:58:56	NewBlock 246, Txs: 0, Rows: 0
2025-05-16 19:58:56	Setting flag 00000001 to tx e5cb660c741f13ba876b3247951d5f57ddef364f6b184b503dc1b00bed6fbc5c
2025-05-16 19:59:03	NewBlock 247, Txs: 0, Rows: 0
2025-05-16 19:59:03	Setting flag 00000001 to tx e5cb660c741f13ba876b3247951d5f57ddef364f6b184b503dc1b00bed6fbc5c
2025-05-16 19:59:09	NewBlock 248, Txs: 0, Rows: 0
2025-05-16 19:59:09	Setting flag 00000001 to tx e5cb660c741f13ba876b3247951d5f57ddef364f6b184b503dc1b00bed6fbc5c
2025-05-16 19:59:10	NewBlock 249, Txs: 0, Rows: 0
2025-05-16 19:59:10	Setting flag 00000001 to tx e5cb660c741f13ba876b3247951d5f57ddef364f6b184b503dc1b00bed6fbc5c
2025-05-16 19:59:20	NewBlock 250, Txs: 0, Rows: 0
2025-05-16 19:59:20	Setting flag 00000001 to tx e5cb660c741f13ba876b3247951d5f57ddef364f6b184b503dc1b00bed6fbc5c
2025-05-16 20:00:22	NewTx caabe57b1f1a153518e3fe3aad3179f0b5f41a25eca4ad8ff196470e300aa8a4, block -1, flags 00030004, import 0
2025-05-16 20:00:43	UpdateTx caabe57b1f, block 251, flags 00030004, import 0
2025-05-16 20:00:43	NewBlock 251, Txs: 1, Rows: 6
2025-05-16 20:00:43	Setting flag 00000001 to tx e5cb660c741f13ba876b3247951d5f57ddef364f6b184b503dc1b00bed6fbc5c
2025-05-16 20:00:51	NewBlock 252, Txs: 0, Rows: 0
2025-05-16 20:00:51	Setting flag 00000001 to tx e5cb660c741f13ba876b3247951d5f57ddef364f6b184b503dc1b00bed6fbc5c
2025-05-16 20:00:55	NewBlock 253, Txs: 0, Rows: 0
2025-05-16 20:00:55	Setting flag 00000001 to tx e5cb660c741f13ba876b3247951d5f57ddef364f6b184b503dc1b00bed6fbc5c
2025-05-16 20:01:09	NewBlock 254, Txs: 0, Rows: 0
2025-05-16 20:01:09	Setting flag 00000001 to tx e5cb660c741f13ba876b3247951d5f57ddef364f6b184b503dc1b00bed6fbc5c
2025-05-16 20:01:20	NewBlock 255, Txs: 0, Rows: 0
2025-05-16 20:01:20	Setting flag 00000001 to tx e5cb660c741f13ba876b3247951d5f57ddef364f6b184b503dc1b00bed6fbc5c
2025-05-16 20:01:35	NewBlock 256, Txs: 0, Rows: 0
2025-05-16 20:01:35	Setting flag 00000001 to tx e5cb660c741f13ba876b3247951d5f57ddef364f6b184b503dc1b00bed6fbc5c
2025-05-16 20:01:49	NewBlock 257, Txs: 0, Rows: 0
2025-05-16 20:01:49	Setting flag 00000001 to tx e5cb660c741f13ba876b3247951d5f57ddef364f6b184b503dc1b00bed6fbc5c
2025-05-16 20:01:58	NewBlock 258, Txs: 0, Rows: 0
2025-05-16 20:01:58	Setting flag 00000001 to tx e5cb660c741f13ba876b3247951d5f57ddef364f6b184b503dc1b00bed6fbc5c
2025-05-16 20:02:08	NewBlock 259, Txs: 0, Rows: 0
2025-05-16 20:02:08	Setting flag 00000001 to tx e5cb660c741f13ba876b3247951d5f57ddef364f6b184b503dc1b00bed6fbc5c
2025-05-16 20:02:30	NewBlock 260, Txs: 0, Rows: 0
2025-05-16 20:02:30	Setting flag 00000001 to tx e5cb660c741f13ba876b3247951d5f57ddef364f6b184b503dc1b00bed6fbc5c
2025-05-16 20:02:43	NewBlock 261, Txs: 0, Rows: 0
2025-05-16 20:02:44	Setting flag 00000001 to tx e5cb660c741f13ba876b3247951d5f57ddef364f6b184b503dc1b00bed6fbc5c
2025-05-16 22:52:30	NewTx a662a6e881c5d9c0cc44086c974d08637ee41e52cd70f99f36e1eea79b1e4608, block -1, flags 00030004, import 0
2025-05-16 22:52:42	UpdateTx a662a6e881, block 262, flags 00030004, import 0
2025-05-16 22:52:42	NewBlock 262, Txs: 1, Rows: 6
2025-05-16 22:52:42	Setting flag 00000001 to tx e5cb660c741f13ba876b3247951d5f57ddef364f6b184b503dc1b00bed6fbc5c
2025-05-16 22:52:55	NewBlock 263, Txs: 0, Rows: 0
2025-05-16 22:52:55	Setting flag 00000001 to tx e5cb660c741f13ba876b3247951d5f57ddef364f6b184b503dc1b00bed6fbc5c
2025-05-16 22:53:08	NewBlock 264, Txs: 0, Rows: 0
2025-05-16 22:53:08	Setting flag 00000001 to tx e5cb660c741f13ba876b3247951d5f57ddef364f6b184b503dc1b00bed6fbc5c
2025-05-16 22:53:24	NewBlock 265, Txs: 0, Rows: 0
2025-05-16 22:53:24	Setting flag 00000001 to tx e5cb660c741f13ba876b3247951d5f57ddef364f6b184b503dc1b00bed6fbc5c
2025-05-16 22:53:40	NewBlock 266, Txs: 0, Rows: 0
2025-05-16 22:53:40	Setting flag 00000001 to tx e5cb660c741f13ba876b3247951d5f57ddef364f6b184b503dc1b00bed6fbc5c
2025-05-16 22:53:50	NewBlock 267, Txs: 0, Rows: 0
2025-05-16 22:53:50	Setting flag 00000001 to tx e5cb660c741f13ba876b3247951d5f57ddef364f6b184b503dc1b00bed6fbc5c
2025-05-16 22:53:57	NewBlock 268, Txs: 0, Rows: 0
2025-05-16 22:53:57	Setting flag 00000001 to tx e5cb660c741f13ba876b3247951d5f57ddef364f6b184b503dc1b00bed6fbc5c
2025-05-16 22:54:01	NewBlock 269, Txs: 0, Rows: 0
2025-05-16 22:54:01	Setting flag 00000001 to tx e5cb660c741f13ba876b3247951d5f57ddef364f6b184b503dc1b00bed6fbc5c
2025-05-16 22:54:06	NewBlock 270, Txs: 0, Rows: 0
2025-05-16 22:54:06	Setting flag 00000001 to tx e5cb660c741f13ba876b3247951d5f57ddef364f6b184b503dc1b00bed6fbc5c
2025-05-16 22:54:19	NewBlock 271, Txs: 0, Rows: 0
2025-05-16 22:54:19	Setting flag 00000001 to tx e5cb660c741f13ba876b3247951d5f57ddef364f6b184b503dc1b00bed6fbc5c
2025-05-16 22:54:21	NewBlock 272, Txs: 0, Rows: 0
2025-05-16 22:54:21	Setting flag 00000001 to tx e5cb660c741f13ba876b3247951d5f57ddef364f6b184b503dc1b00bed6fbc5c
2025-05-16 23:16:53	NewTx 03dd54dcc9be454e8b308fc488fb965314fd811f1791802e528af4d0317dfbc7, block -1, flags 00030004, import 0
2025-05-16 23:17:03	UpdateTx 03dd54dcc9, block 273, flags 00030004, import 0
2025-05-16 23:17:03	NewBlock 273, Txs: 1, Rows: 6
2025-05-16 23:17:03	Setting flag 00000001 to tx e5cb660c741f13ba876b3247951d5f57ddef364f6b184b503dc1b00bed6fbc5c
2025-05-16 23:17:14	NewBlock 274, Txs: 0, Rows: 0
2025-05-16 23:17:14	Setting flag 00000001 to tx e5cb660c741f13ba876b3247951d5f57ddef364f6b184b503dc1b00bed6fbc5c
2025-05-16 23:17:16	NewBlock 275, Txs: 0, Rows: 0
2025-05-16 23:17:16	Setting flag 00000001 to tx e5cb660c741f13ba876b3247951d5f57ddef364f6b184b503dc1b00bed6fbc5c
2025-05-16 23:17:17	NewBlock 276, Txs: 0, Rows: 0
2025-05-16 23:17:17	Setting flag 00000001 to tx e5cb660c741f13ba876b3247951d5f57ddef364f6b184b503dc1b00bed6fbc5c
2025-05-16 23:17:18	NewTx 874d561ac948b25ffad3919eab04b7107f4dd9434a50eeca8b074a3e5bec7e4b, block -1, flags 00030004, import 0
2025-05-16 23:17:32	UpdateTx 874d561ac9, block 277, flags 00030004, import 0
2025-05-16 23:17:32	NewBlock 277, Txs: 1, Rows: 6
2025-05-16 23:17:32	Setting flag 00000001 to tx e5cb660c741f13ba876b3247951d5f57ddef364f6b184b503dc1b00bed6fbc5c
2025-05-16 23:17:36	NewBlock 278, Txs: 0, Rows: 0
2025-05-16 23:17:36	Setting flag 00000001 to tx e5cb660c741f13ba876b3247951d5f57ddef364f6b184b503dc1b00bed6fbc5c
2025-05-16 23:17:41	NewBlock 279, Txs: 0, Rows: 0
2025-05-16 23:17:41	Setting flag 00000001 to tx e5cb660c741f13ba876b3247951d5f57ddef364f6b184b503dc1b00bed6fbc5c
2025-05-16 23:17:50	NewBlock 280, Txs: 0, Rows: 0
2025-05-16 23:17:50	Setting flag 00000001 to tx e5cb660c741f13ba876b3247951d5f57ddef364f6b184b503dc1b00bed6fbc5c
2025-05-16 23:18:02	NewBlock 281, Txs: 0, Rows: 0
2025-05-16 23:18:02	Setting flag 00000001 to tx e5cb660c741f13ba876b3247951d5f57ddef364f6b184b503dc1b00bed6fbc5c
2025-05-16 23:18:12	NewTx a9d89ad7755298c09574a2c9a59221fe91c01eec800ddfeae16df1e25d2f1072, block -1, flags 00030004, import 0
2025-05-16 23:18:15	UpdateTx a9d89ad775, block 282, flags 00030004, import 0
2025-05-16 23:18:15	NewBlock 282, Txs: 1, Rows: 6
2025-05-16 23:18:15	Setting flag 00000001 to tx e5cb660c741f13ba876b3247951d5f57ddef364f6b184b503dc1b00bed6fbc5c
2025-05-16 23:18:27	NewBlock 283, Txs: 0, Rows: 0
2025-05-16 23:18:27	Setting flag 00000001 to tx e5cb660c741f13ba876b3247951d5f57ddef364f6b184b503dc1b00bed6fbc5c
2025-05-16 23:18:34	NewBlock 284, Txs: 0, Rows: 0
2025-05-16 23:18:34	Setting flag 00000001 to tx e5cb660c741f13ba876b3247951d5f57ddef364f6b184b503dc1b00bed6fbc5c
2025-05-16 23:18:50	NewTx 42e5b5513c6f7d9e57201a76f9bf3db1f356a6552237e087d4d09ed4b35ca36b, block -1, flags 00030004, import 0
2025-05-16 23:18:53	UpdateTx 42e5b5513c, block 285, flags 00030004, import 0
2025-05-16 23:18:53	NewBlock 285, Txs: 1, Rows: 6
2025-05-16 23:18:53	Setting flag 00000001 to tx e5cb660c741f13ba876b3247951d5f57ddef364f6b184b503dc1b00bed6fbc5c
2025-05-16 23:19:20	NewBlock 286, Txs: 0, Rows: 0
2025-05-16 23:19:20	Setting flag 00000001 to tx e5cb660c741f13ba876b3247951d5f57ddef364f6b184b503dc1b00bed6fbc5c
2025-05-16 23:19:38	NewTx d60cf6ce760e90247d0ba306524eaa477974ca73de7fe62709cebd26bc0c7c59, block -1, flags 00030004, import 0
2025-05-16 23:19:41	UpdateTx d60cf6ce76, block 287, flags 00030004, import 0
2025-05-16 23:19:41	NewBlock 287, Txs: 1, Rows: 6
2025-05-16 23:19:41	Setting flag 00000001 to tx e5cb660c741f13ba876b3247951d5f57ddef364f6b184b503dc1b00bed6fbc5c
2025-05-16 23:19:53	NewBlock 288, Txs: 0, Rows: 0
2025-05-16 23:19:53	Setting flag 00000001 to tx e5cb660c741f13ba876b3247951d5f57ddef364f6b184b503dc1b00bed6fbc5c
2025-05-16 23:20:14	NewBlock 289, Txs: 0, Rows: 0
2025-05-16 23:20:14	Setting flag 00000001 to tx e5cb660c741f13ba876b3247951d5f57ddef364f6b184b503dc1b00bed6fbc5c
2025-05-16 23:20:25	NewBlock 290, Txs: 0, Rows: 0
2025-05-16 23:20:25	Setting flag 00000001 to tx e5cb660c741f13ba876b3247951d5f57ddef364f6b184b503dc1b00bed6fbc5c
2025-05-16 23:20:29	NewBlock 291, Txs: 0, Rows: 0
2025-05-16 23:20:29	Setting flag 00000001 to tx e5cb660c741f13ba876b3247951d5f57ddef364f6b184b503dc1b00bed6fbc5c
2025-05-16 23:20:50	NewBlock 292, Txs: 0, Rows: 0
2025-05-16 23:20:50	Setting flag 00000001 to tx e5cb660c741f13ba876b3247951d5f57ddef364f6b184b503dc1b00bed6fbc5c
2025-05-16 23:21:01	NewBlock 293, Txs: 0, Rows: 0
2025-05-16 23:21:01	Setting flag 00000001 to tx e5cb660c741f13ba876b3247951d5f57ddef364f6b184b503dc1b00bed6fbc5c
2025-05-16 23:21:21	NewBlock 294, Txs: 0, Rows: 0
2025-05-16 23:21:21	Setting flag 00000001 to tx e5cb660c741f13ba876b3247951d5f57ddef364f6b184b503dc1b00bed6fbc5c
2025-05-16 23:21:22	NewTx a83bf00fcbbdbae806457994386c7fe3f6e6fcfb11fc2eac3b156c955bcabd88, block -1, flags 00030004, import 0
2025-05-16 23:21:35	UpdateTx a83bf00fcb, block 295, flags 00030004, import 0
2025-05-16 23:21:35	NewBlock 295, Txs: 1, Rows: 6
2025-05-16 23:21:35	Setting flag 00000001 to tx e5cb660c741f13ba876b3247951d5f57ddef364f6b184b503dc1b00bed6fbc5c
2025-05-16 23:21:51	NewBlock 296, Txs: 0, Rows: 0
2025-05-16 23:21:51	Setting flag 00000001 to tx e5cb660c741f13ba876b3247951d5f57ddef364f6b184b503dc1b00bed6fbc5c
2025-05-16 23:22:03	NewBlock 297, Txs: 0, Rows: 0
2025-05-16 23:22:03	Setting flag 00000001 to tx e5cb660c741f13ba876b3247951d5f57ddef364f6b184b503dc1b00bed6fbc5c
2025-05-16 23:22:17	NewBlock 298, Txs: 0, Rows: 0
2025-05-16 23:22:17	Setting flag 00000001 to tx e5cb660c741f13ba876b3247951d5f57ddef364f6b184b503dc1b00bed6fbc5c
2025-05-16 23:22:32	NewBlock 299, Txs: 0, Rows: 0
2025-05-16 23:22:32	Setting flag 00000001 to tx e5cb660c741f13ba876b3247951d5f57ddef364f6b184b503dc1b00bed6fbc5c
2025-05-16 23:22:49	NewBlock 300, Txs: 0, Rows: 0
2025-05-16 23:22:49	Setting flag 00000001 to tx e5cb660c741f13ba876b3247951d5f57ddef364f6b184b503dc1b00bed6fbc5c
2025-05-16 23:23:10	NewBlock 301, Txs: 0, Rows: 0
2025-05-16 23:23:10	Setting flag 00000001 to tx e5cb660c741f13ba876b3247951d5f57ddef364f6b184b503dc1b00bed6fbc5c
2025-05-16 23:23:20	NewBlock 302, Txs: 0, Rows: 0
2025-05-16 23:23:20	Setting flag 00000001 to tx e5cb660c741f13ba876b3247951d5f57ddef364f6b184b503dc1b00bed6fbc5c
2025-05-16 23:23:42	NewBlock 303, Txs: 0, Rows: 0
2025-05-16 23:23:42	Setting flag 00000001 to tx e5cb660c741f13ba876b3247951d5f57ddef364f6b184b503dc1b00bed6fbc5c
2025-05-16 23:23:55	NewBlock 304, Txs: 0, Rows: 0
2025-05-16 23:23:55	Setting flag 00000001 to tx e5cb660c741f13ba876b3247951d5f57ddef364f6b184b503dc1b00bed6fbc5c
2025-05-16 23:24:04	NewBlock 305, Txs: 0, Rows: 0
2025-05-16 23:24:04	Setting flag 00000001 to tx e5cb660c741f13ba876b3247951d5f57ddef364f6b184b503dc1b00bed6fbc5c
2025-05-16 23:31:36	NewTx fa5384f5861559beb17b427b7d7e01ce4e3ef89e6542aa66f4343fdeab1643b0, block -1, flags 00030004, import 0
2025-05-16 23:31:55	UpdateTx fa5384f586, block 306, flags 00030004, import 0
2025-05-16 23:31:55	NewBlock 306, Txs: 1, Rows: 6
2025-05-16 23:31:55	Setting flag 00000001 to tx e5cb660c741f13ba876b3247951d5f57ddef364f6b184b503dc1b00bed6fbc5c
2025-05-16 23:32:03	NewBlock 307, Txs: 0, Rows: 0
2025-05-16 23:32:03	Setting flag 00000001 to tx e5cb660c741f13ba876b3247951d5f57ddef364f6b184b503dc1b00bed6fbc5c
2025-05-16 23:32:04	NewBlock 308, Txs: 0, Rows: 0
2025-05-16 23:32:04	Setting flag 00000001 to tx e5cb660c741f13ba876b3247951d5f57ddef364f6b184b503dc1b00bed6fbc5c
2025-05-16 23:32:15	NewBlock 309, Txs: 0, Rows: 0
2025-05-16 23:32:16	Setting flag 00000001 to tx e5cb660c741f13ba876b3247951d5f57ddef364f6b184b503dc1b00bed6fbc5c
2025-05-16 23:32:18	NewTx e60bb235bab408c120687d6f063a39a7df9053be75a85abd236ca22419c82f3b, block -1, flags 00030004, import 0
2025-05-16 23:32:23	UpdateTx e60bb235ba, block 310, flags 00030004, import 0
2025-05-16 23:32:23	NewBlock 310, Txs: 1, Rows: 6
2025-05-16 23:32:23	Setting flag 00000001 to tx e5cb660c741f13ba876b3247951d5f57ddef364f6b184b503dc1b00bed6fbc5c
2025-05-16 23:32:24	NewTx 98d6c206e8aafb94484b6e5256bcbf93ebfc4650e07babc5b9d35a24ea752b6a, block -1, flags 00030004, import 0
2025-05-16 23:32:26	UpdateTx 98d6c206e8, block 311, flags 00030004, import 0
2025-05-16 23:32:26	NewBlock 311, Txs: 1, Rows: 6
2025-05-16 23:32:26	Setting flag 00000001 to tx e5cb660c741f13ba876b3247951d5f57ddef364f6b184b503dc1b00bed6fbc5c
2025-05-16 23:32:40	NewBlock 312, Txs: 0, Rows: 0
2025-05-16 23:32:40	Setting flag 00000001 to tx e5cb660c741f13ba876b3247951d5f57ddef364f6b184b503dc1b00bed6fbc5c
2025-05-16 23:32:43	NewBlock 313, Txs: 0, Rows: 0
2025-05-16 23:32:43	Setting flag 00000001 to tx e5cb660c741f13ba876b3247951d5f57ddef364f6b184b503dc1b00bed6fbc5c
2025-05-16 23:32:57	NewBlock 314, Txs: 0, Rows: 0
2025-05-16 23:32:57	Setting flag 00000001 to tx e5cb660c741f13ba876b3247951d5f57ddef364f6b184b503dc1b00bed6fbc5c
2025-05-16 23:33:09	NewBlock 315, Txs: 0, Rows: 0
2025-05-16 23:33:09	Setting flag 00000001 to tx e5cb660c741f13ba876b3247951d5f57ddef364f6b184b503dc1b00bed6fbc5c
2025-05-16 23:33:13	NewBlock 316, Txs: 0, Rows: 0
2025-05-16 23:33:13	Setting flag 00000001 to tx e5cb660c741f13ba876b3247951d5f57ddef364f6b184b503dc1b00bed6fbc5c
2025-05-16 23:33:27	NewBlock 317, Txs: 0, Rows: 0
2025-05-16 23:33:27	Setting flag 00000001 to tx e5cb660c741f13ba876b3247951d5f57ddef364f6b184b503dc1b00bed6fbc5c
2025-05-16 23:33:44	NewBlock 318, Txs: 0, Rows: 0
2025-05-16 23:33:44	Setting flag 00000001 to tx e5cb660c741f13ba876b3247951d5f57ddef364f6b184b503dc1b00bed6fbc5c
2025-05-16 23:34:14	NewBlock 319, Txs: 0, Rows: 0
2025-05-16 23:34:14	Setting flag 00000001 to tx e5cb660c741f13ba876b3247951d5f57ddef364f6b184b503dc1b00bed6fbc5c
2025-05-16 23:34:38	NewBlock 320, Txs: 0, Rows: 0
2025-05-16 23:34:38	Setting flag 00000001 to tx e5cb660c741f13ba876b3247951d5f57ddef364f6b184b503dc1b00bed6fbc5c
2025-05-16 23:34:38	NewTx 3e99e4aa07e2f4a990dd55a49af395629789d23f644c6d254e7744768d893f81, block -1, flags 00030004, import 0
2025-05-16 23:34:42	UpdateTx 3e99e4aa07, block 321, flags 00030004, import 0
2025-05-16 23:34:42	NewBlock 321, Txs: 1, Rows: 6
2025-05-16 23:34:42	Setting flag 00000001 to tx e5cb660c741f13ba876b3247951d5f57ddef364f6b184b503dc1b00bed6fbc5c
2025-05-16 23:35:04	NewTx 36b005e52711290a74e253cc0d053fb9e85f5c8f6c0442ce1c22d0c6c2b6e995, block -1, flags 00030004, import 0
2025-05-16 23:35:05	UpdateTx 36b005e527, block 322, flags 00030004, import 0
2025-05-16 23:35:05	NewBlock 322, Txs: 1, Rows: 6
2025-05-16 23:35:05	Setting flag 00000001 to tx e5cb660c741f13ba876b3247951d5f57ddef364f6b184b503dc1b00bed6fbc5c
2025-05-16 23:35:18	NewBlock 323, Txs: 0, Rows: 0
2025-05-16 23:35:18	Setting flag 00000001 to tx e5cb660c741f13ba876b3247951d5f57ddef364f6b184b503dc1b00bed6fbc5c
2025-05-16 23:35:28	NewBlock 324, Txs: 0, Rows: 0
2025-05-16 23:35:28	Setting flag 00000001 to tx e5cb660c741f13ba876b3247951d5f57ddef364f6b184b503dc1b00bed6fbc5c
2025-05-16 23:35:36	NewBlock 325, Txs: 0, Rows: 0
2025-05-16 23:35:36	Setting flag 00000001 to tx e5cb660c741f13ba876b3247951d5f57ddef364f6b184b503dc1b00bed6fbc5c
2025-05-16 23:35:51	NewBlock 326, Txs: 0, Rows: 0
2025-05-16 23:35:51	Setting flag 00000001 to tx e5cb660c741f13ba876b3247951d5f57ddef364f6b184b503dc1b00bed6fbc5c
2025-05-16 23:36:15	NewBlock 327, Txs: 0, Rows: 0
2025-05-16 23:36:15	Setting flag 00000001 to tx e5cb660c741f13ba876b3247951d5f57ddef364f6b184b503dc1b00bed6fbc5c
2025-05-16 23:36:26	NewBlock 328, Txs: 0, Rows: 0
2025-05-16 23:36:26	Setting flag 00000001 to tx e5cb660c741f13ba876b3247951d5f57ddef364f6b184b503dc1b00bed6fbc5c
2025-05-16 23:36:36	NewBlock 329, Txs: 0, Rows: 0
2025-05-16 23:36:36	Setting flag 00000001 to tx e5cb660c741f13ba876b3247951d5f57ddef364f6b184b503dc1b00bed6fbc5c
2025-05-16 23:36:57	NewBlock 330, Txs: 0, Rows: 0
2025-05-16 23:36:57	Setting flag 00000001 to tx e5cb660c741f13ba876b3247951d5f57ddef364f6b184b503dc1b00bed6fbc5c
2025-05-16 23:37:17	NewBlock 331, Txs: 0, Rows: 0
2025-05-16 23:37:17	Setting flag 00000001 to tx e5cb660c741f13ba876b3247951d5f57ddef364f6b184b503dc1b00bed6fbc5c
2025-05-16 23:37:28	NewBlock 332, Txs: 0, Rows: 0
2025-05-16 23:37:28	Setting flag 00000001 to tx e5cb660c741f13ba876b3247951d5f57ddef364f6b184b503dc1b00bed6fbc5c
2025-05-16 23:45:55	NewTx 23c78f7f3c68a457f389bb4daa03e10a12283f1e7e475587225f1b77c2cb2b26, block -1, flags 00030004, import 0
2025-05-16 23:46:12	UpdateTx 23c78f7f3c, block 333, flags 00030004, import 0
2025-05-16 23:46:12	NewBlock 333, Txs: 1, Rows: 6
2025-05-16 23:46:12	Setting flag 00000001 to tx e5cb660c741f13ba876b3247951d5f57ddef364f6b184b503dc1b00bed6fbc5c
2025-05-16 23:46:24	NewBlock 334, Txs: 0, Rows: 0
2025-05-16 23:46:24	Setting flag 00000001 to tx e5cb660c741f13ba876b3247951d5f57ddef364f6b184b503dc1b00bed6fbc5c
2025-05-16 23:46:36	NewBlock 335, Txs: 0, Rows: 0
2025-05-16 23:46:36	Setting flag 00000001 to tx e5cb660c741f13ba876b3247951d5f57ddef364f6b184b503dc1b00bed6fbc5c
2025-05-16 23:46:48	NewBlock 336, Txs: 0, Rows: 0
2025-05-16 23:46:48	Setting flag 00000001 to tx e5cb660c741f13ba876b3247951d5f57ddef364f6b184b503dc1b00bed6fbc5c
2025-05-16 23:46:55	NewBlock 337, Txs: 0, Rows: 0
2025-05-16 23:46:55	Setting flag 00000001 to tx e5cb660c741f13ba876b3247951d5f57ddef364f6b184b503dc1b00bed6fbc5c
2025-05-16 23:46:56	NewTx b5dd3ed716e0b0e1684fc92d2378c84fae7abc71b152ae832c08d24d56d4f070, block -1, flags 00030004, import 0
2025-05-16 23:46:58	UpdateTx b5dd3ed716, block 338, flags 00030004, import 0
2025-05-16 23:46:58	NewBlock 338, Txs: 1, Rows: 6
2025-05-16 23:46:58	Setting flag 00000001 to tx e5cb660c741f13ba876b3247951d5f57ddef364f6b184b503dc1b00bed6fbc5c
2025-05-16 23:47:03	NewBlock 339, Txs: 0, Rows: 0
2025-05-16 23:47:04	Setting flag 00000001 to tx e5cb660c741f13ba876b3247951d5f57ddef364f6b184b503dc1b00bed6fbc5c
2025-05-16 23:47:17	NewBlock 340, Txs: 0, Rows: 0
2025-05-16 23:47:17	Setting flag 00000001 to tx e5cb660c741f13ba876b3247951d5f57ddef364f6b184b503dc1b00bed6fbc5c
2025-05-16 23:47:18	NewBlock 341, Txs: 0, Rows: 0
2025-05-16 23:47:18	Setting flag 00000001 to tx e5cb660c741f13ba876b3247951d5f57ddef364f6b184b503dc1b00bed6fbc5c
2025-05-16 23:47:26	NewBlock 342, Txs: 0, Rows: 0
2025-05-16 23:47:26	Setting flag 00000001 to tx e5cb660c741f13ba876b3247951d5f57ddef364f6b184b503dc1b00bed6fbc5c
2025-05-16 23:47:36	NewBlock 343, Txs: 0, Rows: 0
2025-05-16 23:47:36	Setting flag 00000001 to tx e5cb660c741f13ba876b3247951d5f57ddef364f6b184b503dc1b00bed6fbc5c
2025-05-16 23:47:48	NewBlock 344, Txs: 0, Rows: 0
2025-05-16 23:47:48	Setting flag 00000001 to tx e5cb660c741f13ba876b3247951d5f57ddef364f6b184b503dc1b00bed6fbc5c
2025-05-16 23:48:05	NewBlock 345, Txs: 0, Rows: 0
2025-05-16 23:48:05	Setting flag 00000001 to tx e5cb660c741f13ba876b3247951d5f57ddef364f6b184b503dc1b00bed6fbc5c
2025-05-16 23:48:35	NewBlock 346, Txs: 0, Rows: 0
2025-05-16 23:48:35	Setting flag 00000001 to tx e5cb660c741f13ba876b3247951d5f57ddef364f6b184b503dc1b00bed6fbc5c
2025-05-16 23:49:04	NewBlock 347, Txs: 0, Rows: 0
2025-05-16 23:49:04	Setting flag 00000001 to tx e5cb660c741f13ba876b3247951d5f57ddef364f6b184b503dc1b00bed6fbc5c
2025-05-16 23:49:13	NewBlock 348, Txs: 0, Rows: 0
2025-05-16 23:49:13	Setting flag 00000001 to tx e5cb660c741f13ba876b3247951d5f57ddef364f6b184b503dc1b00bed6fbc5c
2025-05-17 00:28:04	NewTx 4d10ccda9bc040835f5edd48b174618d84bb163b1ceb19edef35112d6c0a8dc1, block -1, flags 00030004, import 0
2025-05-17 00:28:13	NewTx d350fe9e73124807033a742198e863100cd9955ee2e3b8764d13a1b15bea6419, block -1, flags 00030004, import 0
2025-05-17 00:28:21	UpdateTx 4d10ccda9b, block 349, flags 00030004, import 0
2025-05-17 00:28:21	UpdateTx d350fe9e73, block 349, flags 00030004, import 0
2025-05-17 00:28:21	NewBlock 349, Txs: 2, Rows: 12
2025-05-17 00:28:21	Setting flag 00000001 to tx e5cb660c741f13ba876b3247951d5f57ddef364f6b184b503dc1b00bed6fbc5c
2025-05-17 00:28:27	NewBlock 350, Txs: 0, Rows: 0
2025-05-17 00:28:27	Setting flag 00000001 to tx e5cb660c741f13ba876b3247951d5f57ddef364f6b184b503dc1b00bed6fbc5c
2025-05-17 00:28:41	NewBlock 351, Txs: 0, Rows: 0
2025-05-17 00:28:41	Setting flag 00000001 to tx e5cb660c741f13ba876b3247951d5f57ddef364f6b184b503dc1b00bed6fbc5c
2025-05-17 00:28:46	NewBlock 352, Txs: 0, Rows: 0
2025-05-17 00:28:46	Setting flag 00000001 to tx e5cb660c741f13ba876b3247951d5f57ddef364f6b184b503dc1b00bed6fbc5c
2025-05-17 00:28:54	NewBlock 353, Txs: 0, Rows: 0
2025-05-17 00:28:54	Setting flag 00000001 to tx e5cb660c741f13ba876b3247951d5f57ddef364f6b184b503dc1b00bed6fbc5c
2025-05-17 00:28:59	NewBlock 354, Txs: 0, Rows: 0
2025-05-17 00:28:59	Setting flag 00000001 to tx e5cb660c741f13ba876b3247951d5f57ddef364f6b184b503dc1b00bed6fbc5c
2025-05-17 00:29:15	NewBlock 355, Txs: 0, Rows: 0
2025-05-17 00:29:15	Setting flag 00000001 to tx e5cb660c741f13ba876b3247951d5f57ddef364f6b184b503dc1b00bed6fbc5c
2025-05-17 00:29:19	NewBlock 356, Txs: 0, Rows: 0
2025-05-17 00:29:19	Setting flag 00000001 to tx e5cb660c741f13ba876b3247951d5f57ddef364f6b184b503dc1b00bed6fbc5c
2025-05-17 00:29:31	NewBlock 357, Txs: 0, Rows: 0
2025-05-17 00:29:31	Setting flag 00000001 to tx e5cb660c741f13ba876b3247951d5f57ddef364f6b184b503dc1b00bed6fbc5c
2025-05-17 00:29:40	NewBlock 358, Txs: 0, Rows: 0
2025-05-17 00:29:40	Setting flag 00000001 to tx e5cb660c741f13ba876b3247951d5f57ddef364f6b184b503dc1b00bed6fbc5c
2025-05-17 00:29:43	NewBlock 359, Txs: 0, Rows: 0
2025-05-17 00:29:43	Setting flag 00000001 to tx e5cb660c741f13ba876b3247951d5f57ddef364f6b184b503dc1b00bed6fbc5c
