2025-05-16 19:09:30	Initialized: Admin count: 0, Miner count: 0, ledger rows: 1
2025-05-16 19:09:32	Block rollback:        -1, Admin count: 0, Miner count: 0, Ledger Rows: 1
2025-05-16 19:09:32	Grant: (00000000-b048216b-00000001-b048216b) (0--1, 1725848860), In consensus: 1, Admin count: 0, Miner count: 0
2025-05-16 19:09:32	Grant: (00000000-b048216b-00000002-b048216b) (0--1, 1725848860), In consensus: 1, Admin count: 0, Miner count: 0
2025-05-16 19:09:32	Grant: (00000000-b048216b-00000004-b048216b) (0--1, 1725848860), In consensus: 1, Admin count: 0, Miner count: 0
2025-05-16 19:09:32	Grant: (00000000-b048216b-00000020-b048216b) (0--1, 1725848860), In consensus: 1, Admin count: 0, Miner count: 0
2025-05-16 19:09:32	Grant: (00000000-b048216b-00000010-b048216b) (0--1, 1725848860), In consensus: 1, Admin count: 0, Miner count: 0
2025-05-16 19:09:32	Grant: (00000000-b048216b-00002000-b048216b) (0--1, 1725848860), In consensus: 1, Admin count: 0, Miner count: 0
2025-05-16 19:09:32	Grant: (00000000-b048216b-00000100-b048216b) (0--1, 1725848860), In consensus: 1, Admin count: 0, Miner count: 1
2025-05-16 19:09:32	Grant: (00000000-b048216b-00001000-b048216b) (0--1, 1725848860), In consensus: 1, Admin count: 1, Miner count: 1
2025-05-16 19:09:32	Grant: (00ebf14a-00000000-00000001-b048216b) (0--1, 0), In consensus: 1, Admin count: 1, Miner count: 1
2025-05-16 19:09:32	Grant: (00ebf14a-b048216b-00000008-b048216b) (0--1, 0), In consensus: 1, Admin count: 1, Miner count: 1
2025-05-16 19:09:32	Grant: (00ebf14a-b048216b-00000080-b048216b) (0--1, 0), In consensus: 1, Admin count: 1, Miner count: 1
2025-05-16 19:09:32	Grant: (00ebf14a-b048216b-00002000-b048216b) (0--1, 0), In consensus: 1, Admin count: 1, Miner count: 1
2025-05-16 19:09:32	Grant: (00ebf14a-b048216b-00001000-b048216b) (0--1, 0), In consensus: 1, Admin count: 1, Miner count: 1
2025-05-16 19:09:32	Block commit:         0 (Hash: d68b1a22, Miner: b048216b), Admin count: 1, Miner count: 1, Ledger Rows: 16
2025-05-16 19:09:32	Block commit:         1 (Hash: 12010e53, Miner: b048216b), Admin count: 1, Miner count: 1, Ledger Rows: 18
2025-05-16 19:09:32	Block commit:         2 (Hash: 04ddc9fc, Miner: b048216b), Admin count: 1, Miner count: 1, Ledger Rows: 20
2025-05-16 19:09:32	Block commit:         3 (Hash: a21e48eb, Miner: b048216b), Admin count: 1, Miner count: 1, Ledger Rows: 22
2025-05-16 19:09:32	Block commit:         4 (Hash: f081e083, Miner: b048216b), Admin count: 1, Miner count: 1, Ledger Rows: 24
2025-05-16 19:09:32	Block commit:         5 (Hash: 8e74cb47, Miner: b048216b), Admin count: 1, Miner count: 1, Ledger Rows: 26
2025-05-16 19:09:33	Block commit:         6 (Hash: 6fc20d71, Miner: b048216b), Admin count: 1, Miner count: 1, Ledger Rows: 28
2025-05-16 19:09:33	Block commit:         7 (Hash: b34c0414, Miner: b048216b), Admin count: 1, Miner count: 1, Ledger Rows: 30
2025-05-16 19:09:33	Block commit:         8 (Hash: 771ee300, Miner: b048216b), Admin count: 1, Miner count: 1, Ledger Rows: 32
2025-05-16 19:09:33	Block commit:         9 (Hash: 89153d41, Miner: b048216b), Admin count: 1, Miner count: 1, Ledger Rows: 34
2025-05-16 19:09:33	Block commit:        10 (Hash: cdb911d5, Miner: b048216b), Admin count: 1, Miner count: 1, Ledger Rows: 36
2025-05-16 19:09:33	Block commit:        11 (Hash: 82fa048c, Miner: b048216b), Admin count: 1, Miner count: 1, Ledger Rows: 38
2025-05-16 19:09:33	Block commit:        12 (Hash: 354db340, Miner: b048216b), Admin count: 1, Miner count: 1, Ledger Rows: 40
2025-05-16 19:09:33	Block commit:        13 (Hash: 85a4a266, Miner: b048216b), Admin count: 1, Miner count: 1, Ledger Rows: 42
2025-05-16 19:09:33	Block commit:        14 (Hash: 2bf651c1, Miner: b048216b), Admin count: 1, Miner count: 1, Ledger Rows: 44
2025-05-16 19:09:33	Block commit:        15 (Hash: a4433f06, Miner: b048216b), Admin count: 1, Miner count: 1, Ledger Rows: 46
2025-05-16 19:09:33	Block commit:        16 (Hash: 1ecde645, Miner: b048216b), Admin count: 1, Miner count: 1, Ledger Rows: 48
2025-05-16 19:09:33	Block commit:        17 (Hash: 1c11236c, Miner: b048216b), Admin count: 1, Miner count: 1, Ledger Rows: 50
2025-05-16 19:09:33	Block commit:        18 (Hash: b7a28d03, Miner: b048216b), Admin count: 1, Miner count: 1, Ledger Rows: 52
2025-05-16 19:09:33	Block commit:        19 (Hash: 3ac31a18, Miner: b048216b), Admin count: 1, Miner count: 1, Ledger Rows: 54
2025-05-16 19:09:33	Block commit:        20 (Hash: 9facac24, Miner: b048216b), Admin count: 1, Miner count: 1, Ledger Rows: 56
2025-05-16 19:09:33	Block commit:        21 (Hash: 0c57b23b, Miner: b048216b), Admin count: 1, Miner count: 1, Ledger Rows: 58
2025-05-16 19:09:33	Block commit:        22 (Hash: fd33b781, Miner: b048216b), Admin count: 1, Miner count: 1, Ledger Rows: 60
2025-05-16 19:09:33	Block commit:        23 (Hash: be02946f, Miner: b048216b), Admin count: 1, Miner count: 1, Ledger Rows: 62
2025-05-16 19:09:33	Block commit:        24 (Hash: 27e3a489, Miner: b048216b), Admin count: 1, Miner count: 1, Ledger Rows: 64
2025-05-16 19:09:34	Block commit:        25 (Hash: 244b9bb8, Miner: b048216b), Admin count: 1, Miner count: 1, Ledger Rows: 66
2025-05-16 19:09:34	Block commit:        26 (Hash: 1bfe4084, Miner: b048216b), Admin count: 1, Miner count: 1, Ledger Rows: 68
2025-05-16 19:09:34	Grant: (0fc412e2-00000000-00000001-b048216b) (0--1, 0), In consensus: 1, Admin count: 1, Miner count: 1
2025-05-16 19:09:34	Grant: (0fc412e2-b048216b-00000008-b048216b) (0--1, 0), In consensus: 1, Admin count: 1, Miner count: 1
2025-05-16 19:09:34	Grant: (0fc412e2-b048216b-00000080-b048216b) (0--1, 0), In consensus: 1, Admin count: 1, Miner count: 1
2025-05-16 19:09:34	Grant: (0fc412e2-b048216b-00002000-b048216b) (0--1, 0), In consensus: 1, Admin count: 1, Miner count: 1
2025-05-16 19:09:34	Grant: (0fc412e2-b048216b-00001000-b048216b) (0--1, 0), In consensus: 1, Admin count: 1, Miner count: 1
2025-05-16 19:09:34	Block commit:        27 (Hash: 61d48bf8, Miner: b048216b), Admin count: 1, Miner count: 1, Ledger Rows: 75
2025-05-16 19:09:34	Block commit:        28 (Hash: 1858c99b, Miner: b048216b), Admin count: 1, Miner count: 1, Ledger Rows: 77
2025-05-16 19:09:34	Block commit:        29 (Hash: 110ab5f0, Miner: b048216b), Admin count: 1, Miner count: 1, Ledger Rows: 79
2025-05-16 19:09:34	Block commit:        30 (Hash: eb456e09, Miner: b048216b), Admin count: 1, Miner count: 1, Ledger Rows: 81
2025-05-16 19:09:34	Block commit:        31 (Hash: 547dff96, Miner: b048216b), Admin count: 1, Miner count: 1, Ledger Rows: 83
2025-05-16 19:09:34	Block commit:        32 (Hash: 58be980c, Miner: b048216b), Admin count: 1, Miner count: 1, Ledger Rows: 85
2025-05-16 19:09:34	Block commit:        33 (Hash: a4066589, Miner: b048216b), Admin count: 1, Miner count: 1, Ledger Rows: 87
2025-05-16 19:09:34	Block commit:        34 (Hash: 2b09bbc7, Miner: b048216b), Admin count: 1, Miner count: 1, Ledger Rows: 89
2025-05-16 19:09:34	Block commit:        35 (Hash: 9507f903, Miner: b048216b), Admin count: 1, Miner count: 1, Ledger Rows: 91
2025-05-16 19:09:34	Block commit:        36 (Hash: 8534d79d, Miner: b048216b), Admin count: 1, Miner count: 1, Ledger Rows: 93
2025-05-16 19:09:34	Block commit:        37 (Hash: 2b54adb6, Miner: b048216b), Admin count: 1, Miner count: 1, Ledger Rows: 95
2025-05-16 19:09:34	Block commit:        38 (Hash: 0e6dca09, Miner: b048216b), Admin count: 1, Miner count: 1, Ledger Rows: 97
2025-05-16 19:09:34	Block commit:        39 (Hash: 957ba503, Miner: b048216b), Admin count: 1, Miner count: 1, Ledger Rows: 99
2025-05-16 19:09:35	Block commit:        40 (Hash: 5e59d21e, Miner: b048216b), Admin count: 1, Miner count: 1, Ledger Rows: 101
2025-05-16 19:09:35	Block commit:        41 (Hash: 6257d833, Miner: b048216b), Admin count: 1, Miner count: 1, Ledger Rows: 103
2025-05-16 19:09:35	Block commit:        42 (Hash: 3bb83ec8, Miner: b048216b), Admin count: 1, Miner count: 1, Ledger Rows: 105
2025-05-16 19:09:35	Block commit:        43 (Hash: 48f7e89a, Miner: b048216b), Admin count: 1, Miner count: 1, Ledger Rows: 107
2025-05-16 19:09:35	Block commit:        44 (Hash: be447b20, Miner: b048216b), Admin count: 1, Miner count: 1, Ledger Rows: 109
2025-05-16 19:09:35	Block commit:        45 (Hash: dce65167, Miner: b048216b), Admin count: 1, Miner count: 1, Ledger Rows: 111
2025-05-16 19:09:35	Block commit:        46 (Hash: 6da27642, Miner: b048216b), Admin count: 1, Miner count: 1, Ledger Rows: 113
2025-05-16 19:09:35	Block commit:        47 (Hash: 84187642, Miner: b048216b), Admin count: 1, Miner count: 1, Ledger Rows: 115
2025-05-16 19:09:35	Block commit:        48 (Hash: 321f6083, Miner: b048216b), Admin count: 1, Miner count: 1, Ledger Rows: 117
2025-05-16 19:09:35	Block commit:        49 (Hash: ca101ddd, Miner: b048216b), Admin count: 1, Miner count: 1, Ledger Rows: 119
2025-05-16 19:09:35	Block commit:        50 (Hash: 876ca0b3, Miner: b048216b), Admin count: 1, Miner count: 1, Ledger Rows: 121
2025-05-16 19:09:35	Block commit:        51 (Hash: 1f6785c2, Miner: b048216b), Admin count: 1, Miner count: 1, Ledger Rows: 123
2025-05-16 19:09:35	Block commit:        52 (Hash: 11ad3bd7, Miner: b048216b), Admin count: 1, Miner count: 1, Ledger Rows: 125
2025-05-16 19:09:35	Block commit:        53 (Hash: ac47317a, Miner: b048216b), Admin count: 1, Miner count: 1, Ledger Rows: 127
2025-05-16 19:09:35	Block commit:        54 (Hash: 1f1edefa, Miner: b048216b), Admin count: 1, Miner count: 1, Ledger Rows: 129
2025-05-16 19:09:35	Block commit:        55 (Hash: 582a920b, Miner: b048216b), Admin count: 1, Miner count: 1, Ledger Rows: 131
2025-05-16 19:09:36	Block commit:        56 (Hash: d9e5bdb8, Miner: b048216b), Admin count: 1, Miner count: 1, Ledger Rows: 133
2025-05-16 19:09:36	Block commit:        57 (Hash: ea73e9a3, Miner: b048216b), Admin count: 1, Miner count: 1, Ledger Rows: 135
2025-05-16 19:09:36	Block commit:        58 (Hash: b3c081be, Miner: b048216b), Admin count: 1, Miner count: 1, Ledger Rows: 137
2025-05-16 19:09:36	Block commit:        59 (Hash: 91f89e8a, Miner: b048216b), Admin count: 1, Miner count: 1, Ledger Rows: 139
2025-05-16 19:09:36	Block commit:        60 (Hash: 34185ce6, Miner: b048216b), Admin count: 1, Miner count: 1, Ledger Rows: 141
2025-05-16 19:09:36	Block commit:        61 (Hash: 47cf544d, Miner: b048216b), Admin count: 1, Miner count: 1, Ledger Rows: 143
2025-05-16 19:09:36	Block commit:        62 (Hash: f03ba83f, Miner: b048216b), Admin count: 1, Miner count: 1, Ledger Rows: 145
2025-05-16 19:09:36	Block commit:        63 (Hash: 2f53e3f8, Miner: b048216b), Admin count: 1, Miner count: 1, Ledger Rows: 147
2025-05-16 19:09:36	Block commit:        64 (Hash: 3a02bf33, Miner: b048216b), Admin count: 1, Miner count: 1, Ledger Rows: 149
2025-05-16 19:09:36	Block commit:        65 (Hash: d64465eb, Miner: b048216b), Admin count: 1, Miner count: 1, Ledger Rows: 151
2025-05-16 19:09:36	Block commit:        66 (Hash: 35be5017, Miner: b048216b), Admin count: 1, Miner count: 1, Ledger Rows: 153
2025-05-16 19:09:36	Block commit:        67 (Hash: 7df6199e, Miner: b048216b), Admin count: 1, Miner count: 1, Ledger Rows: 155
2025-05-16 19:09:36	Block commit:        68 (Hash: 207e3663, Miner: b048216b), Admin count: 1, Miner count: 1, Ledger Rows: 157
2025-05-16 19:09:36	Block commit:        69 (Hash: 3f474847, Miner: b048216b), Admin count: 1, Miner count: 1, Ledger Rows: 159
2025-05-16 19:09:36	Block commit:        70 (Hash: a359312a, Miner: b048216b), Admin count: 1, Miner count: 1, Ledger Rows: 161
2025-05-16 19:09:36	Block commit:        71 (Hash: d2892a26, Miner: b048216b), Admin count: 1, Miner count: 1, Ledger Rows: 163
2025-05-16 19:09:37	Block commit:        72 (Hash: 43e23edf, Miner: b048216b), Admin count: 1, Miner count: 1, Ledger Rows: 165
2025-05-16 19:09:37	Block commit:        73 (Hash: f4045d5f, Miner: b048216b), Admin count: 1, Miner count: 1, Ledger Rows: 167
2025-05-16 19:09:37	Block commit:        74 (Hash: 96e4dd80, Miner: b048216b), Admin count: 1, Miner count: 1, Ledger Rows: 169
2025-05-16 19:09:37	Block commit:        75 (Hash: 30e4b48d, Miner: b048216b), Admin count: 1, Miner count: 1, Ledger Rows: 171
2025-05-16 19:09:37	Block commit:        76 (Hash: c952c4d6, Miner: b048216b), Admin count: 1, Miner count: 1, Ledger Rows: 173
2025-05-16 19:09:37	Block commit:        77 (Hash: 8ca3de5b, Miner: b048216b), Admin count: 1, Miner count: 1, Ledger Rows: 175
2025-05-16 19:09:37	Block commit:        78 (Hash: 19e5a1ac, Miner: b048216b), Admin count: 1, Miner count: 1, Ledger Rows: 177
2025-05-16 19:09:37	Block commit:        79 (Hash: 406d8d3e, Miner: b048216b), Admin count: 1, Miner count: 1, Ledger Rows: 179
2025-05-16 19:09:37	Block commit:        80 (Hash: 8d505b7a, Miner: b048216b), Admin count: 1, Miner count: 1, Ledger Rows: 181
2025-05-16 19:09:37	Block commit:        81 (Hash: 642eacac, Miner: b048216b), Admin count: 1, Miner count: 1, Ledger Rows: 183
2025-05-16 19:09:37	Block commit:        82 (Hash: d545987b, Miner: b048216b), Admin count: 1, Miner count: 1, Ledger Rows: 185
2025-05-16 19:09:37	Block commit:        83 (Hash: 22151762, Miner: b048216b), Admin count: 1, Miner count: 1, Ledger Rows: 187
2025-05-16 19:09:37	Block commit:        84 (Hash: e650e522, Miner: b048216b), Admin count: 1, Miner count: 1, Ledger Rows: 189
2025-05-16 19:09:37	Block commit:        85 (Hash: 25951b3b, Miner: b048216b), Admin count: 1, Miner count: 1, Ledger Rows: 191
2025-05-16 19:09:37	Block commit:        86 (Hash: edc064b0, Miner: b048216b), Admin count: 1, Miner count: 1, Ledger Rows: 193
2025-05-16 19:09:37	Block commit:        87 (Hash: ec49f522, Miner: b048216b), Admin count: 1, Miner count: 1, Ledger Rows: 195
2025-05-16 19:09:37	Block commit:        88 (Hash: 062781ae, Miner: b048216b), Admin count: 1, Miner count: 1, Ledger Rows: 197
2025-05-16 19:09:37	Block commit:        89 (Hash: 1c8d4052, Miner: b048216b), Admin count: 1, Miner count: 1, Ledger Rows: 199
2025-05-16 19:09:38	Block commit:        90 (Hash: fa419744, Miner: b048216b), Admin count: 1, Miner count: 1, Ledger Rows: 201
2025-05-16 19:09:38	Block commit:        91 (Hash: 249ff486, Miner: b048216b), Admin count: 1, Miner count: 1, Ledger Rows: 203
2025-05-16 19:09:38	Block commit:        92 (Hash: 578e93b4, Miner: b048216b), Admin count: 1, Miner count: 1, Ledger Rows: 205
2025-05-16 19:09:38	Block commit:        93 (Hash: 1e5e593c, Miner: b048216b), Admin count: 1, Miner count: 1, Ledger Rows: 207
2025-05-16 19:09:38	Block commit:        94 (Hash: db652136, Miner: b048216b), Admin count: 1, Miner count: 1, Ledger Rows: 209
2025-05-16 19:09:38	Block commit:        95 (Hash: 5de0d931, Miner: b048216b), Admin count: 1, Miner count: 1, Ledger Rows: 211
2025-05-16 19:09:38	Block commit:        96 (Hash: 3e9433d1, Miner: b048216b), Admin count: 1, Miner count: 1, Ledger Rows: 213
2025-05-16 19:09:38	Block commit:        97 (Hash: 6aa91598, Miner: b048216b), Admin count: 1, Miner count: 1, Ledger Rows: 215
2025-05-16 19:09:38	Block commit:        98 (Hash: 846fb6a2, Miner: b048216b), Admin count: 1, Miner count: 1, Ledger Rows: 217
2025-05-16 19:09:38	Block commit:        99 (Hash: b0108d48, Miner: b048216b), Admin count: 1, Miner count: 1, Ledger Rows: 219
2025-05-16 19:09:38	Block commit:       100 (Hash: 952061c0, Miner: b048216b), Admin count: 1, Miner count: 1, Ledger Rows: 221
2025-05-16 19:09:38	Block commit:       101 (Hash: bdf7e44d, Miner: b048216b), Admin count: 1, Miner count: 1, Ledger Rows: 223
2025-05-16 19:09:38	Block commit:       102 (Hash: 1302abf9, Miner: b048216b), Admin count: 1, Miner count: 1, Ledger Rows: 225
2025-05-16 19:09:38	Block commit:       103 (Hash: 51a4f7bc, Miner: b048216b), Admin count: 1, Miner count: 1, Ledger Rows: 227
2025-05-16 19:09:38	Block commit:       104 (Hash: 75467785, Miner: b048216b), Admin count: 1, Miner count: 1, Ledger Rows: 229
2025-05-16 19:09:38	Block commit:       105 (Hash: 46d2db58, Miner: b048216b), Admin count: 1, Miner count: 1, Ledger Rows: 231
2025-05-16 19:09:38	Block commit:       106 (Hash: 1663f022, Miner: b048216b), Admin count: 1, Miner count: 1, Ledger Rows: 233
2025-05-16 19:09:38	Block commit:       107 (Hash: 03bc2eea, Miner: b048216b), Admin count: 1, Miner count: 1, Ledger Rows: 235
2025-05-16 19:09:39	Block commit:       108 (Hash: d7ddf647, Miner: b048216b), Admin count: 1, Miner count: 1, Ledger Rows: 237
2025-05-16 19:09:39	Block commit:       109 (Hash: ab3953cf, Miner: b048216b), Admin count: 1, Miner count: 1, Ledger Rows: 239
2025-05-16 19:09:39	Block commit:       110 (Hash: f3918f5f, Miner: b048216b), Admin count: 1, Miner count: 1, Ledger Rows: 241
2025-05-16 19:09:39	Block commit:       111 (Hash: e189d054, Miner: b048216b), Admin count: 1, Miner count: 1, Ledger Rows: 243
2025-05-16 19:09:39	Block commit:       112 (Hash: 7fe1f8f9, Miner: b048216b), Admin count: 1, Miner count: 1, Ledger Rows: 245
2025-05-16 19:09:39	Block commit:       113 (Hash: ad13605a, Miner: b048216b), Admin count: 1, Miner count: 1, Ledger Rows: 247
2025-05-16 19:09:39	Block commit:       114 (Hash: 26230727, Miner: b048216b), Admin count: 1, Miner count: 1, Ledger Rows: 249
2025-05-16 19:09:39	Block commit:       115 (Hash: 394d17e6, Miner: b048216b), Admin count: 1, Miner count: 1, Ledger Rows: 251
2025-05-16 19:09:39	Block commit:       116 (Hash: 32f81218, Miner: b048216b), Admin count: 1, Miner count: 1, Ledger Rows: 253
2025-05-16 19:09:39	Block commit:       117 (Hash: 841f282c, Miner: b048216b), Admin count: 1, Miner count: 1, Ledger Rows: 255
2025-05-16 19:09:39	Block commit:       118 (Hash: c59a592b, Miner: b048216b), Admin count: 1, Miner count: 1, Ledger Rows: 257
2025-05-16 19:09:39	Block commit:       119 (Hash: 6975423e, Miner: b048216b), Admin count: 1, Miner count: 1, Ledger Rows: 259
2025-05-16 19:09:39	Block commit:       120 (Hash: cb04e39b, Miner: b048216b), Admin count: 1, Miner count: 1, Ledger Rows: 261
2025-05-16 19:09:39	Block commit:       121 (Hash: aa2c2a27, Miner: b048216b), Admin count: 1, Miner count: 1, Ledger Rows: 263
2025-05-16 19:09:39	Block commit:       122 (Hash: 52917efd, Miner: b048216b), Admin count: 1, Miner count: 1, Ledger Rows: 265
2025-05-16 19:09:39	Block commit:       123 (Hash: c99b660a, Miner: b048216b), Admin count: 1, Miner count: 1, Ledger Rows: 267
2025-05-16 19:09:39	Block commit:       124 (Hash: 69f98baa, Miner: b048216b), Admin count: 1, Miner count: 1, Ledger Rows: 269
2025-05-16 19:09:40	Block commit:       125 (Hash: 37002ddb, Miner: b048216b), Admin count: 1, Miner count: 1, Ledger Rows: 271
2025-05-16 19:09:40	Block commit:       126 (Hash: 51585420, Miner: b048216b), Admin count: 1, Miner count: 1, Ledger Rows: 273
2025-05-16 19:09:40	Block commit:       127 (Hash: 94a4898f, Miner: b048216b), Admin count: 1, Miner count: 1, Ledger Rows: 275
2025-05-16 19:09:40	Block commit:       128 (Hash: 5c230eaa, Miner: b048216b), Admin count: 1, Miner count: 1, Ledger Rows: 277
2025-05-16 19:09:40	Block commit:       129 (Hash: 24c370c8, Miner: b048216b), Admin count: 1, Miner count: 1, Ledger Rows: 279
2025-05-16 19:09:40	Block commit:       130 (Hash: c419eb9c, Miner: b048216b), Admin count: 1, Miner count: 1, Ledger Rows: 281
2025-05-16 19:09:40	Block commit:       131 (Hash: c4a9dc8f, Miner: b048216b), Admin count: 1, Miner count: 1, Ledger Rows: 283
2025-05-16 19:09:40	Block commit:       132 (Hash: 441fdd8d, Miner: b048216b), Admin count: 1, Miner count: 1, Ledger Rows: 285
2025-05-16 19:09:40	Block commit:       133 (Hash: 849d2992, Miner: b048216b), Admin count: 1, Miner count: 1, Ledger Rows: 287
2025-05-16 19:09:40	Block commit:       134 (Hash: 260b56a9, Miner: b048216b), Admin count: 1, Miner count: 1, Ledger Rows: 289
2025-05-16 19:09:40	Block commit:       135 (Hash: 7eb00f38, Miner: b048216b), Admin count: 1, Miner count: 1, Ledger Rows: 291
2025-05-16 19:09:40	Block commit:       136 (Hash: 9893d336, Miner: b048216b), Admin count: 1, Miner count: 1, Ledger Rows: 293
2025-05-16 19:09:40	Block commit:       137 (Hash: 58f8e1c1, Miner: b048216b), Admin count: 1, Miner count: 1, Ledger Rows: 295
2025-05-16 19:09:41	Block commit:       138 (Hash: 10316439, Miner: b048216b), Admin count: 1, Miner count: 1, Ledger Rows: 297
2025-05-16 19:09:41	Block commit:       139 (Hash: 5e472713, Miner: b048216b), Admin count: 1, Miner count: 1, Ledger Rows: 299
2025-05-16 19:09:41	Block commit:       140 (Hash: 43375731, Miner: b048216b), Admin count: 1, Miner count: 1, Ledger Rows: 301
2025-05-16 19:09:41	Block commit:       141 (Hash: 85442c2a, Miner: b048216b), Admin count: 1, Miner count: 1, Ledger Rows: 303
2025-05-16 19:09:41	Block commit:       142 (Hash: 2d03db11, Miner: b048216b), Admin count: 1, Miner count: 1, Ledger Rows: 305
2025-05-16 19:09:41	Block commit:       143 (Hash: ca2a055e, Miner: b048216b), Admin count: 1, Miner count: 1, Ledger Rows: 307
2025-05-16 19:09:41	Block commit:       144 (Hash: 3ca7f56d, Miner: b048216b), Admin count: 1, Miner count: 1, Ledger Rows: 309
2025-05-16 19:09:41	Block commit:       145 (Hash: 8153e67d, Miner: b048216b), Admin count: 1, Miner count: 1, Ledger Rows: 311
2025-05-16 19:09:41	Block commit:       146 (Hash: 63d1b90b, Miner: b048216b), Admin count: 1, Miner count: 1, Ledger Rows: 313
2025-05-16 19:09:41	Block commit:       147 (Hash: 966c313f, Miner: b048216b), Admin count: 1, Miner count: 1, Ledger Rows: 315
2025-05-16 19:09:41	Grant: (81956fd6-00000000-00000001-b048216b) (0--1, 0), In consensus: 1, Admin count: 1, Miner count: 1
2025-05-16 19:09:41	Grant: (81956fd6-b048216b-00000008-b048216b) (0--1, 0), In consensus: 1, Admin count: 1, Miner count: 1
2025-05-16 19:09:41	Grant: (81956fd6-b048216b-00000080-b048216b) (0--1, 0), In consensus: 1, Admin count: 1, Miner count: 1
2025-05-16 19:09:41	Grant: (81956fd6-b048216b-00002000-b048216b) (0--1, 0), In consensus: 1, Admin count: 1, Miner count: 1
2025-05-16 19:09:41	Grant: (81956fd6-b048216b-00001000-b048216b) (0--1, 0), In consensus: 1, Admin count: 1, Miner count: 1
2025-05-16 19:09:41	Block commit:       148 (Hash: fb61e069, Miner: b048216b), Admin count: 1, Miner count: 1, Ledger Rows: 322
2025-05-16 19:09:41	Block commit:       149 (Hash: 9e881689, Miner: b048216b), Admin count: 1, Miner count: 1, Ledger Rows: 324
2025-05-16 19:09:41	Block commit:       150 (Hash: 7fb4c02b, Miner: b048216b), Admin count: 1, Miner count: 1, Ledger Rows: 326
2025-05-16 19:09:42	Block commit:       151 (Hash: c365bb37, Miner: b048216b), Admin count: 1, Miner count: 1, Ledger Rows: 328
2025-05-16 19:09:42	Block commit:       152 (Hash: 5ec607e3, Miner: b048216b), Admin count: 1, Miner count: 1, Ledger Rows: 330
2025-05-16 19:09:42	Block commit:       153 (Hash: 6dc4733e, Miner: b048216b), Admin count: 1, Miner count: 1, Ledger Rows: 332
2025-05-16 19:09:42	Block commit:       154 (Hash: 9135ccb9, Miner: b048216b), Admin count: 1, Miner count: 1, Ledger Rows: 334
2025-05-16 19:09:42	Block commit:       155 (Hash: 7a65b3a4, Miner: b048216b), Admin count: 1, Miner count: 1, Ledger Rows: 336
2025-05-16 19:09:42	Block commit:       156 (Hash: 26999c58, Miner: b048216b), Admin count: 1, Miner count: 1, Ledger Rows: 338
2025-05-16 19:09:42	Block commit:       157 (Hash: 03ad4b6b, Miner: b048216b), Admin count: 1, Miner count: 1, Ledger Rows: 340
2025-05-16 19:09:42	Block commit:       158 (Hash: 9b15baf5, Miner: b048216b), Admin count: 1, Miner count: 1, Ledger Rows: 342
2025-05-16 19:09:42	Grant: (0fc412e2-b048216b-00000008-b048216b) (0--1, 1747432957), In consensus: 1, Admin count: 1, Miner count: 1
2025-05-16 19:09:42	Grant: (81956fd6-b048216b-00000008-b048216b) (0--1, 1747432969), In consensus: 1, Admin count: 1, Miner count: 1
2025-05-16 19:09:42	Block commit:       159 (Hash: 469f51a5, Miner: b048216b), Admin count: 1, Miner count: 1, Ledger Rows: 346
2025-05-16 19:09:42	Block commit:       160 (Hash: e085e278, Miner: b048216b), Admin count: 1, Miner count: 1, Ledger Rows: 348
2025-05-16 19:09:42	Block commit:       161 (Hash: 2dc58d7f, Miner: b048216b), Admin count: 1, Miner count: 1, Ledger Rows: 350
2025-05-16 19:09:42	Block commit:       162 (Hash: ba47eeb4, Miner: b048216b), Admin count: 1, Miner count: 1, Ledger Rows: 352
2025-05-16 19:09:42	Block commit:       163 (Hash: cb0ce952, Miner: b048216b), Admin count: 1, Miner count: 1, Ledger Rows: 354
2025-05-16 19:09:42	Block commit:       164 (Hash: 8976eb59, Miner: b048216b), Admin count: 1, Miner count: 1, Ledger Rows: 356
2025-05-16 19:09:42	Block commit:       165 (Hash: 4a9f4a53, Miner: b048216b), Admin count: 1, Miner count: 1, Ledger Rows: 358
2025-05-16 19:09:42	Block commit:       166 (Hash: 91caf988, Miner: b048216b), Admin count: 1, Miner count: 1, Ledger Rows: 360
2025-05-16 19:09:42	Block commit:       167 (Hash: 7dd9d513, Miner: b048216b), Admin count: 1, Miner count: 1, Ledger Rows: 362
2025-05-16 19:09:42	Block commit:       168 (Hash: cd9e0cb4, Miner: b048216b), Admin count: 1, Miner count: 1, Ledger Rows: 364
2025-05-16 19:09:43	Block commit:       169 (Hash: 305c6cd0, Miner: b048216b), Admin count: 1, Miner count: 1, Ledger Rows: 366
2025-05-16 19:09:43	Block commit:       170 (Hash: b0d11fb1, Miner: b048216b), Admin count: 1, Miner count: 1, Ledger Rows: 368
2025-05-16 19:09:43	Block commit:       171 (Hash: 85c477c5, Miner: b048216b), Admin count: 1, Miner count: 1, Ledger Rows: 370
2025-05-16 19:09:43	Block commit:       172 (Hash: ca822ee1, Miner: b048216b), Admin count: 1, Miner count: 1, Ledger Rows: 372
2025-05-16 19:09:43	Block commit:       173 (Hash: 4f8c9e0b, Miner: b048216b), Admin count: 1, Miner count: 1, Ledger Rows: 374
2025-05-16 19:09:43	Block commit:       174 (Hash: 0be99ac9, Miner: b048216b), Admin count: 1, Miner count: 1, Ledger Rows: 376
2025-05-16 19:09:43	Block commit:       175 (Hash: 70a81427, Miner: b048216b), Admin count: 1, Miner count: 1, Ledger Rows: 378
2025-05-16 19:09:43	Block commit:       176 (Hash: 45719158, Miner: b048216b), Admin count: 1, Miner count: 1, Ledger Rows: 380
2025-05-16 19:09:43	Block commit:       177 (Hash: 5b47ef30, Miner: b048216b), Admin count: 1, Miner count: 1, Ledger Rows: 382
2025-05-16 19:09:43	Block commit:       178 (Hash: 05f89916, Miner: b048216b), Admin count: 1, Miner count: 1, Ledger Rows: 384
2025-05-16 19:09:43	Block commit:       179 (Hash: 339d3b9a, Miner: b048216b), Admin count: 1, Miner count: 1, Ledger Rows: 386
2025-05-16 19:09:43	Block commit:       180 (Hash: 055a557c, Miner: b048216b), Admin count: 1, Miner count: 1, Ledger Rows: 388
2025-05-16 19:09:43	Block commit:       181 (Hash: cc7a3995, Miner: b048216b), Admin count: 1, Miner count: 1, Ledger Rows: 390
2025-05-16 19:09:43	Block commit:       182 (Hash: 09daf572, Miner: b048216b), Admin count: 1, Miner count: 1, Ledger Rows: 392
2025-05-16 19:09:43	Block commit:       183 (Hash: 3e49f22d, Miner: b048216b), Admin count: 1, Miner count: 1, Ledger Rows: 394
2025-05-16 19:09:43	Block commit:       184 (Hash: 936c1e41, Miner: b048216b), Admin count: 1, Miner count: 1, Ledger Rows: 396
2025-05-16 19:09:43	Block commit:       185 (Hash: 98a465f1, Miner: b048216b), Admin count: 1, Miner count: 1, Ledger Rows: 398
2025-05-16 19:09:43	Block commit:       186 (Hash: 3be133c1, Miner: b048216b), Admin count: 1, Miner count: 1, Ledger Rows: 400
2025-05-16 19:09:43	Block commit:       187 (Hash: 43febbd4, Miner: b048216b), Admin count: 1, Miner count: 1, Ledger Rows: 402
2025-05-16 19:09:44	Block commit:       188 (Hash: 768c4eb7, Miner: b048216b), Admin count: 1, Miner count: 1, Ledger Rows: 404
2025-05-16 19:09:44	Block commit:       189 (Hash: 81b3d1ea, Miner: b048216b), Admin count: 1, Miner count: 1, Ledger Rows: 406
2025-05-16 19:09:44	Block commit:       190 (Hash: 267e7eea, Miner: b048216b), Admin count: 1, Miner count: 1, Ledger Rows: 408
2025-05-16 19:09:44	Block commit:       191 (Hash: 6b250f27, Miner: b048216b), Admin count: 1, Miner count: 1, Ledger Rows: 410
2025-05-16 19:09:44	Block commit:       192 (Hash: 518eee92, Miner: b048216b), Admin count: 1, Miner count: 1, Ledger Rows: 412
2025-05-16 19:09:44	Block commit:       193 (Hash: e4e2ac45, Miner: b048216b), Admin count: 1, Miner count: 1, Ledger Rows: 414
2025-05-16 19:09:44	Block commit:       194 (Hash: 1dc6c472, Miner: b048216b), Admin count: 1, Miner count: 1, Ledger Rows: 416
2025-05-16 19:09:44	Block commit:       195 (Hash: 3fcddeb3, Miner: b048216b), Admin count: 1, Miner count: 1, Ledger Rows: 418
2025-05-16 19:09:44	Block commit:       196 (Hash: 9c704769, Miner: b048216b), Admin count: 1, Miner count: 1, Ledger Rows: 420
2025-05-16 19:09:44	Block commit:       197 (Hash: 668de683, Miner: b048216b), Admin count: 1, Miner count: 1, Ledger Rows: 422
2025-05-16 19:09:44	Block commit:       198 (Hash: a7105e36, Miner: b048216b), Admin count: 1, Miner count: 1, Ledger Rows: 424
2025-05-16 19:09:44	Block commit:       199 (Hash: 27d792f5, Miner: b048216b), Admin count: 1, Miner count: 1, Ledger Rows: 426
2025-05-16 19:09:44	Block commit:       200 (Hash: c9827370, Miner: b048216b), Admin count: 1, Miner count: 1, Ledger Rows: 428
2025-05-16 19:09:44	Block commit:       201 (Hash: 2aa15a33, Miner: b048216b), Admin count: 1, Miner count: 1, Ledger Rows: 430
2025-05-16 19:09:44	Block commit:       202 (Hash: e4fbdf1e, Miner: b048216b), Admin count: 1, Miner count: 1, Ledger Rows: 432
2025-05-16 19:09:44	Block commit:       203 (Hash: 57a0002c, Miner: b048216b), Admin count: 1, Miner count: 1, Ledger Rows: 434
2025-05-16 19:09:45	Block commit:       204 (Hash: 9f650725, Miner: b048216b), Admin count: 1, Miner count: 1, Ledger Rows: 436
2025-05-16 19:09:45	Block commit:       205 (Hash: fcbe8b36, Miner: b048216b), Admin count: 1, Miner count: 1, Ledger Rows: 438
2025-05-16 19:09:45	Block commit:       206 (Hash: 6d97a6b8, Miner: b048216b), Admin count: 1, Miner count: 1, Ledger Rows: 440
2025-05-16 19:09:45	Block commit:       207 (Hash: cfc237bc, Miner: b048216b), Admin count: 1, Miner count: 1, Ledger Rows: 442
2025-05-16 19:09:45	Block commit:       208 (Hash: 218dd900, Miner: b048216b), Admin count: 1, Miner count: 1, Ledger Rows: 444
2025-05-16 19:09:45	Block commit:       209 (Hash: 78f48c59, Miner: b048216b), Admin count: 1, Miner count: 1, Ledger Rows: 446
2025-05-16 19:09:45	Block commit:       210 (Hash: b0246ae6, Miner: b048216b), Admin count: 1, Miner count: 1, Ledger Rows: 448
2025-05-16 19:09:45	Block commit:       211 (Hash: a235d0c3, Miner: b048216b), Admin count: 1, Miner count: 1, Ledger Rows: 450
2025-05-16 19:09:45	Block commit:       212 (Hash: f46fe6e1, Miner: b048216b), Admin count: 1, Miner count: 1, Ledger Rows: 452
2025-05-16 19:09:45	Block commit:       213 (Hash: 918d168a, Miner: b048216b), Admin count: 1, Miner count: 1, Ledger Rows: 454
2025-05-16 19:09:45	Block commit:       214 (Hash: e29eba47, Miner: b048216b), Admin count: 1, Miner count: 1, Ledger Rows: 456
2025-05-16 19:09:45	Block commit:       215 (Hash: 909a7b94, Miner: b048216b), Admin count: 1, Miner count: 1, Ledger Rows: 458
2025-05-16 19:09:45	Block commit:       216 (Hash: fccb9ac4, Miner: b048216b), Admin count: 1, Miner count: 1, Ledger Rows: 460
2025-05-16 19:09:46	Block commit:       217 (Hash: 6f83875f, Miner: b048216b), Admin count: 1, Miner count: 1, Ledger Rows: 462
2025-05-16 19:09:46	Block commit:       218 (Hash: 35128fb2, Miner: b048216b), Admin count: 1, Miner count: 1, Ledger Rows: 464
2025-05-16 19:09:46	Block commit:       219 (Hash: f0c7585c, Miner: b048216b), Admin count: 1, Miner count: 1, Ledger Rows: 466
2025-05-16 19:09:46	Block commit:       220 (Hash: fa09df5d, Miner: b048216b), Admin count: 1, Miner count: 1, Ledger Rows: 468
2025-05-16 19:09:46	Block commit:       221 (Hash: 8c0fd510, Miner: b048216b), Admin count: 1, Miner count: 1, Ledger Rows: 470
2025-05-16 19:09:46	Block commit:       222 (Hash: da39e5e8, Miner: b048216b), Admin count: 1, Miner count: 1, Ledger Rows: 472
2025-05-16 19:09:46	Block commit:       223 (Hash: 7c7ca09d, Miner: b048216b), Admin count: 1, Miner count: 1, Ledger Rows: 474
2025-05-16 19:09:46	Block commit:       224 (Hash: 0a8162f1, Miner: b048216b), Admin count: 1, Miner count: 1, Ledger Rows: 476
2025-05-16 19:09:46	Block commit:       225 (Hash: a8c0b2ec, Miner: b048216b), Admin count: 1, Miner count: 1, Ledger Rows: 478
2025-05-16 19:09:46	Block commit:       226 (Hash: 235d7da1, Miner: b048216b), Admin count: 1, Miner count: 1, Ledger Rows: 480
2025-05-16 19:09:46	Block commit:       227 (Hash: e0e2cfc4, Miner: b048216b), Admin count: 1, Miner count: 1, Ledger Rows: 482
2025-05-16 19:09:46	Block commit:       228 (Hash: 40ccf013, Miner: b048216b), Admin count: 1, Miner count: 1, Ledger Rows: 484
2025-05-16 19:51:11	Block commit:       229 (Hash: 73cf6692, Miner: b048216b), Admin count: 1, Miner count: 1, Ledger Rows: 486
2025-05-16 19:51:16	Block commit:       230 (Hash: b237124c, Miner: b048216b), Admin count: 1, Miner count: 1, Ledger Rows: 488
2025-05-16 19:51:17	Block commit:       231 (Hash: 35340476, Miner: b048216b), Admin count: 1, Miner count: 1, Ledger Rows: 490
2025-05-16 19:51:19	Block commit:       232 (Hash: 8337e756, Miner: b048216b), Admin count: 1, Miner count: 1, Ledger Rows: 492
2025-05-16 19:51:25	Block commit:       233 (Hash: 83a6c0e6, Miner: b048216b), Admin count: 1, Miner count: 1, Ledger Rows: 494
2025-05-16 19:51:27	Block commit:       234 (Hash: c93d6e34, Miner: b048216b), Admin count: 1, Miner count: 1, Ledger Rows: 496
2025-05-16 19:51:31	Block commit:       235 (Hash: ce784737, Miner: b048216b), Admin count: 1, Miner count: 1, Ledger Rows: 498
2025-05-16 19:51:47	Block commit:       236 (Hash: 1fa9cfe9, Miner: b048216b), Admin count: 1, Miner count: 1, Ledger Rows: 500
2025-05-16 19:51:54	Block commit:       237 (Hash: 481be137, Miner: b048216b), Admin count: 1, Miner count: 1, Ledger Rows: 502
2025-05-16 19:51:56	Block commit:       238 (Hash: 0228ae20, Miner: b048216b), Admin count: 1, Miner count: 1, Ledger Rows: 504
2025-05-16 19:51:57	Block commit:       239 (Hash: 5efd518a, Miner: b048216b), Admin count: 1, Miner count: 1, Ledger Rows: 506
2025-05-16 19:58:05	Block commit:       240 (Hash: a80c5557, Miner: b048216b), Admin count: 1, Miner count: 1, Ledger Rows: 508
2025-05-16 19:58:14	Block commit:       241 (Hash: ab50232e, Miner: b048216b), Admin count: 1, Miner count: 1, Ledger Rows: 510
2025-05-16 19:58:23	Block commit:       242 (Hash: ee3495d9, Miner: b048216b), Admin count: 1, Miner count: 1, Ledger Rows: 512
2025-05-16 19:58:32	Block commit:       243 (Hash: 0ed1eea6, Miner: b048216b), Admin count: 1, Miner count: 1, Ledger Rows: 514
2025-05-16 19:58:42	Block commit:       244 (Hash: 06f39de7, Miner: b048216b), Admin count: 1, Miner count: 1, Ledger Rows: 516
2025-05-16 19:58:46	Block commit:       245 (Hash: ae76af2c, Miner: b048216b), Admin count: 1, Miner count: 1, Ledger Rows: 518
2025-05-16 19:58:56	Block commit:       246 (Hash: f375b9cf, Miner: b048216b), Admin count: 1, Miner count: 1, Ledger Rows: 520
2025-05-16 19:59:03	Block commit:       247 (Hash: a7e48222, Miner: b048216b), Admin count: 1, Miner count: 1, Ledger Rows: 522
2025-05-16 19:59:09	Block commit:       248 (Hash: 04647c00, Miner: b048216b), Admin count: 1, Miner count: 1, Ledger Rows: 524
2025-05-16 19:59:10	Block commit:       249 (Hash: 60ada198, Miner: b048216b), Admin count: 1, Miner count: 1, Ledger Rows: 526
2025-05-16 19:59:20	Block commit:       250 (Hash: 2e12f8d2, Miner: b048216b), Admin count: 1, Miner count: 1, Ledger Rows: 528
2025-05-16 20:00:43	Block commit:       251 (Hash: e63f19c0, Miner: b048216b), Admin count: 1, Miner count: 1, Ledger Rows: 530
2025-05-16 20:00:51	Block commit:       252 (Hash: 25ba64f0, Miner: b048216b), Admin count: 1, Miner count: 1, Ledger Rows: 532
2025-05-16 20:00:55	Block commit:       253 (Hash: 52d2ac74, Miner: b048216b), Admin count: 1, Miner count: 1, Ledger Rows: 534
2025-05-16 20:01:09	Block commit:       254 (Hash: 8201ec30, Miner: b048216b), Admin count: 1, Miner count: 1, Ledger Rows: 536
2025-05-16 20:01:20	Block commit:       255 (Hash: 4f1e09fb, Miner: b048216b), Admin count: 1, Miner count: 1, Ledger Rows: 538
2025-05-16 20:01:35	Block commit:       256 (Hash: 0549bddd, Miner: b048216b), Admin count: 1, Miner count: 1, Ledger Rows: 540
2025-05-16 20:01:49	Block commit:       257 (Hash: 668f3fb2, Miner: b048216b), Admin count: 1, Miner count: 1, Ledger Rows: 542
2025-05-16 20:01:58	Block commit:       258 (Hash: e3cb5039, Miner: b048216b), Admin count: 1, Miner count: 1, Ledger Rows: 544
2025-05-16 20:02:08	Block commit:       259 (Hash: 8d4d79c2, Miner: b048216b), Admin count: 1, Miner count: 1, Ledger Rows: 546
2025-05-16 20:02:28	Block commit:       260 (Hash: efee8540, Miner: b048216b), Admin count: 1, Miner count: 1, Ledger Rows: 548
2025-05-16 20:02:42	Block commit:       261 (Hash: 8263d125, Miner: b048216b), Admin count: 1, Miner count: 1, Ledger Rows: 550
2025-05-16 22:52:42	Block commit:       262 (Hash: 04ce9fc8, Miner: b048216b), Admin count: 1, Miner count: 1, Ledger Rows: 552
2025-05-16 22:52:55	Block commit:       263 (Hash: 09a0daeb, Miner: b048216b), Admin count: 1, Miner count: 1, Ledger Rows: 554
2025-05-16 22:53:08	Block commit:       264 (Hash: dcf78167, Miner: b048216b), Admin count: 1, Miner count: 1, Ledger Rows: 556
2025-05-16 22:53:24	Block commit:       265 (Hash: 209fe368, Miner: b048216b), Admin count: 1, Miner count: 1, Ledger Rows: 558
2025-05-16 22:53:40	Block commit:       266 (Hash: a9ecbbfd, Miner: b048216b), Admin count: 1, Miner count: 1, Ledger Rows: 560
2025-05-16 22:53:50	Block commit:       267 (Hash: b6a56efe, Miner: b048216b), Admin count: 1, Miner count: 1, Ledger Rows: 562
2025-05-16 22:53:57	Block commit:       268 (Hash: 17372b4b, Miner: b048216b), Admin count: 1, Miner count: 1, Ledger Rows: 564
2025-05-16 22:54:01	Block commit:       269 (Hash: 887dbeff, Miner: b048216b), Admin count: 1, Miner count: 1, Ledger Rows: 566
2025-05-16 22:54:06	Block commit:       270 (Hash: c139eb12, Miner: b048216b), Admin count: 1, Miner count: 1, Ledger Rows: 568
2025-05-16 22:54:19	Block commit:       271 (Hash: 1c5dbca0, Miner: b048216b), Admin count: 1, Miner count: 1, Ledger Rows: 570
2025-05-16 22:54:21	Block commit:       272 (Hash: b1d015ee, Miner: b048216b), Admin count: 1, Miner count: 1, Ledger Rows: 572
2025-05-16 23:17:03	Block commit:       273 (Hash: c81b6e46, Miner: b048216b), Admin count: 1, Miner count: 1, Ledger Rows: 574
2025-05-16 23:17:14	Block commit:       274 (Hash: 9193f0fd, Miner: b048216b), Admin count: 1, Miner count: 1, Ledger Rows: 576
2025-05-16 23:17:15	Block commit:       275 (Hash: 99a2dec4, Miner: b048216b), Admin count: 1, Miner count: 1, Ledger Rows: 578
2025-05-16 23:17:17	Block commit:       276 (Hash: f284e11b, Miner: b048216b), Admin count: 1, Miner count: 1, Ledger Rows: 580
2025-05-16 23:17:32	Block commit:       277 (Hash: 22cc1253, Miner: b048216b), Admin count: 1, Miner count: 1, Ledger Rows: 582
2025-05-16 23:17:36	Block commit:       278 (Hash: 25208b10, Miner: b048216b), Admin count: 1, Miner count: 1, Ledger Rows: 584
2025-05-16 23:17:41	Block commit:       279 (Hash: 96b0fb00, Miner: b048216b), Admin count: 1, Miner count: 1, Ledger Rows: 586
2025-05-16 23:17:50	Block commit:       280 (Hash: 67a63e60, Miner: b048216b), Admin count: 1, Miner count: 1, Ledger Rows: 588
2025-05-16 23:18:02	Block commit:       281 (Hash: 5b94d453, Miner: b048216b), Admin count: 1, Miner count: 1, Ledger Rows: 590
2025-05-16 23:18:15	Block commit:       282 (Hash: e23e8413, Miner: b048216b), Admin count: 1, Miner count: 1, Ledger Rows: 592
2025-05-16 23:18:27	Block commit:       283 (Hash: 6f5a7a42, Miner: b048216b), Admin count: 1, Miner count: 1, Ledger Rows: 594
2025-05-16 23:18:34	Block commit:       284 (Hash: d9fdf286, Miner: b048216b), Admin count: 1, Miner count: 1, Ledger Rows: 596
2025-05-16 23:18:53	Block commit:       285 (Hash: f7a2e77f, Miner: b048216b), Admin count: 1, Miner count: 1, Ledger Rows: 598
2025-05-16 23:19:20	Block commit:       286 (Hash: 6b261c55, Miner: b048216b), Admin count: 1, Miner count: 1, Ledger Rows: 600
2025-05-16 23:19:41	Block commit:       287 (Hash: 82eb7e77, Miner: b048216b), Admin count: 1, Miner count: 1, Ledger Rows: 602
2025-05-16 23:19:53	Block commit:       288 (Hash: 70481b12, Miner: b048216b), Admin count: 1, Miner count: 1, Ledger Rows: 604
2025-05-16 23:20:14	Block commit:       289 (Hash: c6e9441c, Miner: b048216b), Admin count: 1, Miner count: 1, Ledger Rows: 606
2025-05-16 23:20:25	Block commit:       290 (Hash: df50408d, Miner: b048216b), Admin count: 1, Miner count: 1, Ledger Rows: 608
2025-05-16 23:20:29	Block commit:       291 (Hash: 891a618a, Miner: b048216b), Admin count: 1, Miner count: 1, Ledger Rows: 610
2025-05-16 23:20:50	Block commit:       292 (Hash: 1e122d48, Miner: b048216b), Admin count: 1, Miner count: 1, Ledger Rows: 612
2025-05-16 23:21:01	Block commit:       293 (Hash: dac82b51, Miner: b048216b), Admin count: 1, Miner count: 1, Ledger Rows: 614
2025-05-16 23:21:21	Block commit:       294 (Hash: d437dad7, Miner: b048216b), Admin count: 1, Miner count: 1, Ledger Rows: 616
2025-05-16 23:21:35	Block commit:       295 (Hash: a6a3c71f, Miner: b048216b), Admin count: 1, Miner count: 1, Ledger Rows: 618
2025-05-16 23:21:51	Block commit:       296 (Hash: 6c227c99, Miner: b048216b), Admin count: 1, Miner count: 1, Ledger Rows: 620
2025-05-16 23:22:03	Block commit:       297 (Hash: f0211956, Miner: b048216b), Admin count: 1, Miner count: 1, Ledger Rows: 622
2025-05-16 23:22:17	Block commit:       298 (Hash: ff619489, Miner: b048216b), Admin count: 1, Miner count: 1, Ledger Rows: 624
2025-05-16 23:22:32	Block commit:       299 (Hash: 7b40ca11, Miner: b048216b), Admin count: 1, Miner count: 1, Ledger Rows: 626
2025-05-16 23:22:49	Block commit:       300 (Hash: 8d7d7400, Miner: b048216b), Admin count: 1, Miner count: 1, Ledger Rows: 628
2025-05-16 23:23:10	Block commit:       301 (Hash: b7f3a7e5, Miner: b048216b), Admin count: 1, Miner count: 1, Ledger Rows: 630
2025-05-16 23:23:20	Block commit:       302 (Hash: 23304617, Miner: b048216b), Admin count: 1, Miner count: 1, Ledger Rows: 632
2025-05-16 23:23:42	Block commit:       303 (Hash: 8fb0a344, Miner: b048216b), Admin count: 1, Miner count: 1, Ledger Rows: 634
2025-05-16 23:23:55	Block commit:       304 (Hash: 0dfe55e1, Miner: b048216b), Admin count: 1, Miner count: 1, Ledger Rows: 636
2025-05-16 23:24:04	Block commit:       305 (Hash: 0abb195b, Miner: b048216b), Admin count: 1, Miner count: 1, Ledger Rows: 638
2025-05-16 23:31:55	Block commit:       306 (Hash: f99c6da1, Miner: b048216b), Admin count: 1, Miner count: 1, Ledger Rows: 640
2025-05-16 23:32:03	Block commit:       307 (Hash: e35ac50e, Miner: b048216b), Admin count: 1, Miner count: 1, Ledger Rows: 642
2025-05-16 23:32:04	Block commit:       308 (Hash: f83f61ef, Miner: b048216b), Admin count: 1, Miner count: 1, Ledger Rows: 644
2025-05-16 23:32:15	Block commit:       309 (Hash: 2dbf6837, Miner: b048216b), Admin count: 1, Miner count: 1, Ledger Rows: 646
2025-05-16 23:32:23	Block commit:       310 (Hash: fb80a2dc, Miner: b048216b), Admin count: 1, Miner count: 1, Ledger Rows: 648
2025-05-16 23:32:26	Block commit:       311 (Hash: 9508378f, Miner: b048216b), Admin count: 1, Miner count: 1, Ledger Rows: 650
2025-05-16 23:32:40	Block commit:       312 (Hash: ff00b606, Miner: b048216b), Admin count: 1, Miner count: 1, Ledger Rows: 652
2025-05-16 23:32:43	Block commit:       313 (Hash: aa155d61, Miner: b048216b), Admin count: 1, Miner count: 1, Ledger Rows: 654
2025-05-16 23:32:57	Block commit:       314 (Hash: 90ceb503, Miner: b048216b), Admin count: 1, Miner count: 1, Ledger Rows: 656
2025-05-16 23:33:09	Block commit:       315 (Hash: a0b17f86, Miner: b048216b), Admin count: 1, Miner count: 1, Ledger Rows: 658
2025-05-16 23:33:13	Block commit:       316 (Hash: bd1b6b87, Miner: b048216b), Admin count: 1, Miner count: 1, Ledger Rows: 660
2025-05-16 23:33:27	Block commit:       317 (Hash: d3dab2bf, Miner: b048216b), Admin count: 1, Miner count: 1, Ledger Rows: 662
2025-05-16 23:33:44	Block commit:       318 (Hash: 1867ce84, Miner: b048216b), Admin count: 1, Miner count: 1, Ledger Rows: 664
2025-05-16 23:34:14	Block commit:       319 (Hash: f4e9267a, Miner: b048216b), Admin count: 1, Miner count: 1, Ledger Rows: 666
2025-05-16 23:34:38	Block commit:       320 (Hash: ae56f5ab, Miner: b048216b), Admin count: 1, Miner count: 1, Ledger Rows: 668
2025-05-16 23:34:42	Block commit:       321 (Hash: 429ddff9, Miner: b048216b), Admin count: 1, Miner count: 1, Ledger Rows: 670
2025-05-16 23:35:05	Block commit:       322 (Hash: dd32a1dd, Miner: b048216b), Admin count: 1, Miner count: 1, Ledger Rows: 672
2025-05-16 23:35:18	Block commit:       323 (Hash: 0d3156e2, Miner: b048216b), Admin count: 1, Miner count: 1, Ledger Rows: 674
2025-05-16 23:35:28	Block commit:       324 (Hash: 474490a7, Miner: b048216b), Admin count: 1, Miner count: 1, Ledger Rows: 676
2025-05-16 23:35:36	Block commit:       325 (Hash: 5421078f, Miner: b048216b), Admin count: 1, Miner count: 1, Ledger Rows: 678
2025-05-16 23:35:51	Block commit:       326 (Hash: cbc17fc9, Miner: b048216b), Admin count: 1, Miner count: 1, Ledger Rows: 680
2025-05-16 23:36:15	Block commit:       327 (Hash: 98d0f013, Miner: b048216b), Admin count: 1, Miner count: 1, Ledger Rows: 682
2025-05-16 23:36:26	Block commit:       328 (Hash: 12273ceb, Miner: b048216b), Admin count: 1, Miner count: 1, Ledger Rows: 684
2025-05-16 23:36:36	Block commit:       329 (Hash: 7c76521c, Miner: b048216b), Admin count: 1, Miner count: 1, Ledger Rows: 686
2025-05-16 23:36:57	Block commit:       330 (Hash: d79475f0, Miner: b048216b), Admin count: 1, Miner count: 1, Ledger Rows: 688
2025-05-16 23:37:17	Block commit:       331 (Hash: 2e267c0c, Miner: b048216b), Admin count: 1, Miner count: 1, Ledger Rows: 690
2025-05-16 23:37:28	Block commit:       332 (Hash: f0cb5d1d, Miner: b048216b), Admin count: 1, Miner count: 1, Ledger Rows: 692
2025-05-16 23:46:12	Block commit:       333 (Hash: ffe37dba, Miner: b048216b), Admin count: 1, Miner count: 1, Ledger Rows: 694
2025-05-16 23:46:24	Block commit:       334 (Hash: 8d975026, Miner: b048216b), Admin count: 1, Miner count: 1, Ledger Rows: 696
2025-05-16 23:46:36	Block commit:       335 (Hash: 1d275808, Miner: b048216b), Admin count: 1, Miner count: 1, Ledger Rows: 698
2025-05-16 23:46:48	Block commit:       336 (Hash: 2d3354ee, Miner: b048216b), Admin count: 1, Miner count: 1, Ledger Rows: 700
2025-05-16 23:46:55	Block commit:       337 (Hash: 1eb1dafe, Miner: b048216b), Admin count: 1, Miner count: 1, Ledger Rows: 702
2025-05-16 23:46:58	Block commit:       338 (Hash: a2277262, Miner: b048216b), Admin count: 1, Miner count: 1, Ledger Rows: 704
2025-05-16 23:47:03	Block commit:       339 (Hash: 065c8e81, Miner: b048216b), Admin count: 1, Miner count: 1, Ledger Rows: 706
2025-05-16 23:47:17	Block commit:       340 (Hash: 91cb17c3, Miner: b048216b), Admin count: 1, Miner count: 1, Ledger Rows: 708
2025-05-16 23:47:18	Block commit:       341 (Hash: c8e6faee, Miner: b048216b), Admin count: 1, Miner count: 1, Ledger Rows: 710
2025-05-16 23:47:26	Block commit:       342 (Hash: efe76043, Miner: b048216b), Admin count: 1, Miner count: 1, Ledger Rows: 712
2025-05-16 23:47:36	Block commit:       343 (Hash: 14f0c811, Miner: b048216b), Admin count: 1, Miner count: 1, Ledger Rows: 714
2025-05-16 23:47:48	Block commit:       344 (Hash: ca508e32, Miner: b048216b), Admin count: 1, Miner count: 1, Ledger Rows: 716
2025-05-16 23:48:05	Block commit:       345 (Hash: 02bab107, Miner: b048216b), Admin count: 1, Miner count: 1, Ledger Rows: 718
2025-05-16 23:48:35	Block commit:       346 (Hash: 121b7895, Miner: b048216b), Admin count: 1, Miner count: 1, Ledger Rows: 720
2025-05-16 23:49:04	Block commit:       347 (Hash: 589e6964, Miner: b048216b), Admin count: 1, Miner count: 1, Ledger Rows: 722
2025-05-16 23:49:13	Block commit:       348 (Hash: aa4740c4, Miner: b048216b), Admin count: 1, Miner count: 1, Ledger Rows: 724
2025-05-17 00:28:21	Block commit:       349 (Hash: 3bcb995b, Miner: b048216b), Admin count: 1, Miner count: 1, Ledger Rows: 726
2025-05-17 00:28:27	Block commit:       350 (Hash: 2f53b099, Miner: b048216b), Admin count: 1, Miner count: 1, Ledger Rows: 728
2025-05-17 00:28:41	Block commit:       351 (Hash: ae783aba, Miner: b048216b), Admin count: 1, Miner count: 1, Ledger Rows: 730
2025-05-17 00:28:46	Block commit:       352 (Hash: 36bf16aa, Miner: b048216b), Admin count: 1, Miner count: 1, Ledger Rows: 732
2025-05-17 00:28:54	Block commit:       353 (Hash: a45f5595, Miner: b048216b), Admin count: 1, Miner count: 1, Ledger Rows: 734
2025-05-17 00:28:59	Block commit:       354 (Hash: 29b63b68, Miner: b048216b), Admin count: 1, Miner count: 1, Ledger Rows: 736
2025-05-17 00:29:15	Block commit:       355 (Hash: 9fab0f53, Miner: b048216b), Admin count: 1, Miner count: 1, Ledger Rows: 738
2025-05-17 00:29:19	Block commit:       356 (Hash: d9813988, Miner: b048216b), Admin count: 1, Miner count: 1, Ledger Rows: 740
2025-05-17 00:29:31	Block commit:       357 (Hash: 9f3488fe, Miner: b048216b), Admin count: 1, Miner count: 1, Ledger Rows: 742
2025-05-17 00:29:40	Block commit:       358 (Hash: 86866536, Miner: b048216b), Admin count: 1, Miner count: 1, Ledger Rows: 744
2025-05-17 00:29:43	Block commit:       359 (Hash: 1e57d7f4, Miner: b048216b), Admin count: 1, Miner count: 1, Ledger Rows: 746
