2024-09-08 21:27:40.410	Initialized. Chunks: 0
2024-09-08 21:27:40.498	Entity (00000105, 00000000507a31d4eeb013a283b53770736f4444) added successfully
2024-09-08 21:27:40.516	NewBlock 0, Chunks: 0,
2024-09-08 21:27:40.550	NewBlock 1, Chunks: 0,
2024-09-08 21:27:40.579	NewBlock 2, Chunks: 0,
2024-09-08 21:27:58.217	NewBlock 3, Chunks: 0,
2024-09-08 21:28:11.450	NewBlock 4, Chunks: 0,
2024-09-08 21:28:25.797	NewBlock 5, Chunks: 0,
2024-09-08 21:28:40.135	NewBlock 6, Chunks: 0,
2024-09-08 21:28:57.790	NewBlock 7, Chunks: 0,
2024-09-08 21:29:15.458	NewBlock 8, Chunks: 0,
2024-09-08 21:29:26.547	NewBlock 9, Chunks: 0,
2024-09-08 21:29:42.013	NewBlock 10, Chunks: 0,
2024-09-08 21:29:49.766	NewBlock 11, Chunks: 0,
2024-09-08 21:30:07.410	NewBlock 12, Chunks: 0,
2024-09-08 21:30:33.886	NewBlock 13, Chunks: 0,
2024-09-08 21:30:46.034	NewBlock 14, Chunks: 0,
2024-09-08 21:31:03.680	NewBlock 15, Chunks: 0,
2024-09-08 21:31:05.958	NewBlock 16, Chunks: 0,
2024-09-08 21:31:24.717	NewBlock 17, Chunks: 0,
2024-09-08 21:31:46.759	NewBlock 18, Chunks: 0,
2024-09-08 21:31:57.798	NewBlock 19, Chunks: 0,
2024-09-08 21:32:14.369	NewBlock 20, Chunks: 0,
2024-09-08 21:32:26.523	NewBlock 21, Chunks: 0,
2024-09-08 21:32:49.669	NewBlock 22, Chunks: 0,
2024-09-08 21:33:06.209	NewBlock 23, Chunks: 0,
2024-09-08 21:33:13.944	NewBlock 24, Chunks: 0,
2024-09-08 21:33:35.986	NewBlock 25, Chunks: 0,
2024-09-08 21:33:48.141	NewBlock 26, Chunks: 0,
2024-09-08 21:34:00.278	NewBlock 27, Chunks: 0,
2024-09-08 21:34:19.022	NewBlock 28, Chunks: 0,
2024-09-08 21:34:37.762	NewBlock 29, Chunks: 0,
2024-09-08 21:34:54.302	NewBlock 30, Chunks: 0,
2024-09-08 21:35:10.843	NewBlock 31, Chunks: 0,
2024-09-08 21:35:17.477	NewBlock 32, Chunks: 0,
2024-09-08 21:35:36.238	NewBlock 33, Chunks: 0,
2024-09-08 21:35:47.276	NewBlock 34, Chunks: 0,
2024-09-08 21:36:10.422	NewBlock 35, Chunks: 0,
2024-09-08 21:36:13.757	NewBlock 36, Chunks: 0,
2024-09-08 21:36:42.400	NewBlock 37, Chunks: 0,
2024-09-08 21:36:50.139	NewBlock 38, Chunks: 0,
2024-09-08 21:37:02.281	NewBlock 39, Chunks: 0,
2024-09-08 21:37:19.949	NewBlock 40, Chunks: 0,
2024-09-08 21:37:36.499	NewBlock 41, Chunks: 0,
2024-09-08 21:37:57.449	NewBlock 42, Chunks: 0,
2024-09-08 21:38:04.080	NewBlock 43, Chunks: 0,
2024-09-08 21:38:17.368	NewBlock 44, Chunks: 0,
2024-09-08 21:38:40.508	NewBlock 45, Chunks: 0,
2024-09-08 21:38:49.346	NewBlock 46, Chunks: 0,
2024-09-08 21:39:06.984	NewBlock 47, Chunks: 0,
2024-09-08 21:39:22.463	NewBlock 48, Chunks: 0,
2024-09-08 21:39:42.303	NewBlock 49, Chunks: 0,
2024-09-08 21:39:45.654	NewBlock 50, Chunks: 0,
2024-09-08 21:40:14.381	NewBlock 51, Chunks: 0,
2024-09-08 21:40:27.622	NewBlock 52, Chunks: 0,
2024-09-08 21:40:32.056	NewBlock 53, Chunks: 0,
2024-09-08 21:40:51.912	NewBlock 54, Chunks: 0,
2024-09-08 21:41:10.651	NewBlock 55, Chunks: 0,
2024-09-08 21:41:26.127	NewBlock 56, Chunks: 0,
2024-09-08 21:41:38.278	NewBlock 57, Chunks: 0,
2024-09-08 21:41:49.339	NewBlock 58, Chunks: 0,
2024-09-08 21:42:08.086	NewBlock 59, Chunks: 0,
2024-09-09 11:29:53.293	NewBlock -1, Chunks: 0,
2024-09-09 11:30:04.717	Initialized. Chunks: 0
2024-09-09 12:23:14.851	Initialized. Chunks: 0
2024-09-09 12:23:14.885	NewBlock -1, Chunks: 0,
2024-09-09 12:25:05.421	Initialized. Chunks: 0
2024-09-09 12:25:05.446	NewBlock -1, Chunks: 0,
2024-09-09 12:26:28.606	Initialized. Chunks: 0
2024-09-09 13:19:36.528	Initialized. Chunks: 0
2024-09-09 13:25:02.453	NewBlock 60, Chunks: 0,
2024-09-09 13:25:21.197	NewBlock 61, Chunks: 0,
2024-09-09 13:25:39.937	NewBlock 62, Chunks: 0,
2024-09-09 13:26:01.985	NewBlock 63, Chunks: 0,
2024-09-09 13:26:17.437	NewBlock 64, Chunks: 0,
2024-09-09 13:26:31.779	NewBlock 65, Chunks: 0,
2024-09-09 13:26:53.904	NewBlock 66, Chunks: 0,
2024-09-09 13:27:02.757	NewBlock 67, Chunks: 0,
2024-09-09 13:27:20.418	NewBlock 68, Chunks: 0,
2024-09-09 13:27:31.449	NewBlock 69, Chunks: 0,
2024-09-09 13:27:51.311	NewBlock 70, Chunks: 0,
2024-09-09 20:35:05.525	Initialized. Chunks: 0
2024-09-09 20:35:05.566	NewBlock -1, Chunks: 0,
2024-09-09 20:38:28.597	Initialized. Chunks: 0
2024-09-09 20:38:28.632	NewBlock -1, Chunks: 0,
2024-09-09 20:39:59.732	Initialized. Chunks: 0
2024-09-09 20:39:59.864	NewBlock -1, Chunks: 0,
2024-09-09 20:43:15.844	Initialized. Chunks: 0
2024-09-09 20:44:49.717	NewBlock 71, Chunks: 0,
2024-09-09 20:45:05.180	NewBlock 72, Chunks: 0,
2024-09-09 20:45:16.231	NewBlock 73, Chunks: 0,
2024-09-09 20:45:37.188	NewBlock 74, Chunks: 0,
2024-09-09 20:45:55.937	NewBlock 75, Chunks: 0,
2024-09-09 20:46:13.610	NewBlock 76, Chunks: 0,
2024-09-09 20:46:36.828	NewBlock 77, Chunks: 0,
2024-09-09 20:46:55.610	NewBlock 78, Chunks: 0,
2024-09-09 20:47:08.866	NewBlock 79, Chunks: 0,
2024-09-09 20:47:26.567	NewBlock 80, Chunks: 0,
2024-09-09 20:47:43.111	NewBlock 81, Chunks: 0,
2024-09-09 20:53:35.013	Initialized. Chunks: 0
2024-09-09 20:55:03.630	NewBlock 82, Chunks: 0,
2024-09-09 20:55:16.903	NewBlock 83, Chunks: 0,
2024-09-09 20:55:36.773	NewBlock 84, Chunks: 0,
2024-09-09 20:55:54.433	NewBlock 85, Chunks: 0,
2024-09-09 20:56:08.788	NewBlock 86, Chunks: 0,
2024-09-09 20:56:29.805	NewBlock 87, Chunks: 0,
2024-09-09 20:56:50.768	NewBlock 88, Chunks: 0,
2024-09-09 20:57:02.954	NewBlock 89, Chunks: 0,
2024-09-09 20:57:13.994	NewBlock 90, Chunks: 0,
2024-09-09 20:57:36.052	NewBlock 91, Chunks: 0,
2024-09-09 20:57:59.229	NewBlock 92, Chunks: 0,
2025-05-14 11:06:33	Initialized. Chunks: 0
2025-05-14 13:25:01	NewBlock -1, Chunks: 0,
2025-05-14 13:26:43	Initialized. Chunks: 0
2025-05-14 14:36:16	NewBlock -1, Chunks: 0,
2025-05-14 14:36:41	Initialized. Chunks: 0
2025-05-15 12:47:17	NewBlock 93, Chunks: 0,
2025-05-15 12:47:28	NewBlock 94, Chunks: 0,
2025-05-15 12:47:48	NewBlock 95, Chunks: 0,
2025-05-15 12:48:05	NewBlock 96, Chunks: 0,
2025-05-15 12:48:21	NewBlock 97, Chunks: 0,
2025-05-15 12:48:34	NewBlock 98, Chunks: 0,
2025-05-15 12:48:55	NewBlock 99, Chunks: 0,
2025-05-15 12:49:16	NewBlock 100, Chunks: 0,
2025-05-15 12:49:35	NewBlock 101, Chunks: 0,
2025-05-15 12:49:46	NewBlock 102, Chunks: 0,
2025-05-15 12:50:07	NewBlock 103, Chunks: 0,
2025-05-15 22:55:56	NewBlock 104, Chunks: 0,
2025-05-15 22:56:01	NewBlock 105, Chunks: 0,
2025-05-15 22:56:02	NewBlock 106, Chunks: 0,
2025-05-15 22:56:05	NewBlock 107, Chunks: 0,
2025-05-15 22:56:10	NewBlock 108, Chunks: 0,
2025-05-15 22:56:12	NewBlock 109, Chunks: 0,
2025-05-15 22:56:16	NewBlock 110, Chunks: 0,
2025-05-15 22:56:32	NewBlock 111, Chunks: 0,
2025-05-15 22:56:39	NewBlock 112, Chunks: 0,
2025-05-15 22:56:41	NewBlock 113, Chunks: 0,
2025-05-15 22:56:42	NewBlock 114, Chunks: 0,
2025-05-15 22:59:12	NewBlock 115, Chunks: 0,
2025-05-15 22:59:21	NewBlock 116, Chunks: 0,
2025-05-15 22:59:30	NewBlock 117, Chunks: 0,
2025-05-15 22:59:40	NewBlock 118, Chunks: 0,
2025-05-15 22:59:50	NewBlock 119, Chunks: 0,
2025-05-15 22:59:54	NewBlock 120, Chunks: 0,
2025-05-15 23:00:04	NewBlock 121, Chunks: 0,
2025-05-15 23:00:11	NewBlock 122, Chunks: 0,
2025-05-15 23:00:17	NewBlock 123, Chunks: 0,
2025-05-15 23:00:31	NewBlock 124, Chunks: 0,
2025-05-15 23:00:56	NewBlock 125, Chunks: 0,
2025-05-15 23:37:14	NewBlock 126, Chunks: 0,
2025-05-15 23:37:22	NewBlock 127, Chunks: 0,
2025-05-15 23:37:26	NewBlock 128, Chunks: 0,
2025-05-15 23:37:40	NewBlock 129, Chunks: 0,
2025-05-15 23:37:51	NewBlock 130, Chunks: 0,
2025-05-15 23:38:06	NewBlock 131, Chunks: 0,
2025-05-15 23:38:21	NewBlock 132, Chunks: 0,
2025-05-15 23:38:30	NewBlock 133, Chunks: 0,
2025-05-15 23:38:32	NewBlock 134, Chunks: 0,
2025-05-15 23:38:40	NewBlock 135, Chunks: 0,
2025-05-15 23:38:44	NewBlock 136, Chunks: 0,
2025-05-15 23:39:20	NewBlock 137, Chunks: 0,
2025-05-15 23:39:47	NewBlock 138, Chunks: 0,
2025-05-15 23:40:05	NewBlock 139, Chunks: 0,
2025-05-15 23:40:21	NewBlock 140, Chunks: 0,
2025-05-15 23:40:37	NewBlock 141, Chunks: 0,
2025-05-15 23:40:47	NewBlock 142, Chunks: 0,
2025-05-15 23:40:56	NewBlock 143, Chunks: 0,
2025-05-15 23:41:08	NewBlock 144, Chunks: 0,
2025-05-15 23:41:22	NewBlock 145, Chunks: 0,
2025-05-15 23:41:44	NewBlock 146, Chunks: 0,
2025-05-15 23:41:49	NewBlock 147, Chunks: 0,
2025-05-15 23:42:07	NewBlock -1, Chunks: 0,
2025-05-15 23:42:13	Initialized. Chunks: 0
2025-05-16 16:57:07	Initialized. Chunks: 0
2025-05-16 16:58:29	NewBlock 148, Chunks: 0,
2025-05-16 16:58:40	NewBlock 149, Chunks: 0,
2025-05-16 16:59:00	NewBlock 150, Chunks: 0,
2025-05-16 16:59:17	NewBlock 151, Chunks: 0,
2025-05-16 16:59:33	NewBlock 152, Chunks: 0,
2025-05-16 16:59:46	NewBlock 153, Chunks: 0,
2025-05-16 16:59:52	Entity (00000105, 0000000083eb6d499548f608d98eb54c56f233fc) added successfully
2025-05-16 17:00:06	Entity (00000105, 000000006abf69d740d8a9e3aa56708f72d71b0f) added successfully
2025-05-16 17:00:07	NewBlock 154, Chunks: 0,
2025-05-16 17:00:28	NewBlock 155, Chunks: 0,
2025-05-16 17:00:47	NewBlock 156, Chunks: 0,
2025-05-16 17:00:57	NewBlock 157, Chunks: 0,
2025-05-16 17:01:18	NewBlock 158, Chunks: 0,
2025-05-16 17:02:53	NewBlock 159, Chunks: 0,
2025-05-16 17:02:59	NewBlock 160, Chunks: 0,
2025-05-16 17:03:00	NewBlock 161, Chunks: 0,
2025-05-16 17:03:02	NewBlock 162, Chunks: 0,
2025-05-16 17:03:08	NewBlock 163, Chunks: 0,
2025-05-16 17:03:10	NewBlock 164, Chunks: 0,
2025-05-16 17:03:21	NewBlock 165, Chunks: 0,
2025-05-16 17:03:51	NewBlock 166, Chunks: 0,
2025-05-16 17:04:02	NewBlock 167, Chunks: 0,
2025-05-16 17:04:14	NewBlock 168, Chunks: 0,
2025-05-16 17:04:30	NewBlock 169, Chunks: 0,
2025-05-16 17:20:28	NewBlock 170, Chunks: 0,
2025-05-16 17:20:37	NewBlock 171, Chunks: 0,
2025-05-16 17:20:46	NewBlock 172, Chunks: 0,
2025-05-16 17:20:57	NewBlock 173, Chunks: 0,
2025-05-16 17:21:07	NewBlock 174, Chunks: 0,
2025-05-16 17:21:10	NewBlock 175, Chunks: 0,
2025-05-16 17:21:20	NewBlock 176, Chunks: 0,
2025-05-16 17:21:28	NewBlock 177, Chunks: 0,
2025-05-16 17:21:34	NewBlock 178, Chunks: 0,
2025-05-16 17:21:35	NewBlock 179, Chunks: 0,
2025-05-16 17:21:45	NewBlock 180, Chunks: 0,
2025-05-16 17:46:41	NewBlock 181, Chunks: 0,
2025-05-16 17:46:49	NewBlock 182, Chunks: 0,
2025-05-16 17:46:53	NewBlock 183, Chunks: 0,
2025-05-16 17:47:07	NewBlock 184, Chunks: 0,
2025-05-16 17:47:18	NewBlock 185, Chunks: 0,
2025-05-16 17:47:33	NewBlock 186, Chunks: 0,
2025-05-16 17:47:48	NewBlock 187, Chunks: 0,
2025-05-16 17:47:57	NewBlock 188, Chunks: 0,
2025-05-16 17:47:59	NewBlock 189, Chunks: 0,
2025-05-16 17:48:07	NewBlock 190, Chunks: 0,
2025-05-16 17:48:12	NewBlock 191, Chunks: 0,
2025-05-16 18:02:49	NewBlock 192, Chunks: 0,
2025-05-16 18:03:01	NewBlock 193, Chunks: 0,
2025-05-16 18:03:14	NewBlock 194, Chunks: 0,
2025-05-16 18:03:30	NewBlock 195, Chunks: 0,
2025-05-16 18:03:46	NewBlock 196, Chunks: 0,
2025-05-16 18:03:56	NewBlock 197, Chunks: 0,
2025-05-16 18:04:03	NewBlock 198, Chunks: 0,
2025-05-16 18:04:08	NewBlock 199, Chunks: 0,
2025-05-16 18:04:12	NewBlock 200, Chunks: 0,
2025-05-16 18:04:26	NewBlock 201, Chunks: 0,
2025-05-16 18:04:27	NewBlock 202, Chunks: 0,
2025-05-16 18:25:05	NewBlock 203, Chunks: 0,
2025-05-16 18:25:17	NewBlock 204, Chunks: 0,
2025-05-16 18:25:18	NewBlock 205, Chunks: 0,
2025-05-16 18:25:19	NewBlock 206, Chunks: 0,
2025-05-16 18:25:34	NewBlock 207, Chunks: 0,
2025-05-16 18:25:38	NewBlock 208, Chunks: 0,
2025-05-16 18:25:43	NewBlock 209, Chunks: 0,
2025-05-16 18:25:52	NewBlock 210, Chunks: 0,
2025-05-16 18:26:03	NewBlock 211, Chunks: 0,
2025-05-16 18:26:17	NewBlock 212, Chunks: 0,
2025-05-16 18:26:28	NewBlock 213, Chunks: 0,
2025-05-16 18:31:50	NewBlock 214, Chunks: 0,
2025-05-16 18:32:01	NewBlock 215, Chunks: 0,
2025-05-16 18:32:09	NewBlock 216, Chunks: 0,
2025-05-16 18:32:17	NewBlock 217, Chunks: 0,
2025-05-16 18:32:32	NewBlock 218, Chunks: 0,
2025-05-16 18:32:43	NewBlock 219, Chunks: 0,
2025-05-16 18:32:45	NewBlock 220, Chunks: 0,
2025-05-16 18:32:55	NewBlock 221, Chunks: 0,
2025-05-16 18:33:01	NewBlock 222, Chunks: 0,
2025-05-16 18:33:13	NewBlock 223, Chunks: 0,
2025-05-16 18:33:23	NewBlock 224, Chunks: 0,
2025-05-16 18:33:46	NewBlock 225, Chunks: 0,
2025-05-16 18:34:07	NewBlock 226, Chunks: 0,
2025-05-16 18:34:25	NewBlock 227, Chunks: 0,
2025-05-16 18:34:41	NewBlock 228, Chunks: 0,
2025-05-16 19:09:31	Initialized. Chunks: 0
2025-05-16 19:09:32	NewBlock -1, Chunks: 0,
2025-05-16 19:09:32	Initialized. Chunks: 0
2025-05-16 19:09:32	NewBlock 0, Chunks: 0,
2025-05-16 19:09:32	NewBlock 1, Chunks: 0,
2025-05-16 19:09:32	NewBlock 2, Chunks: 0,
2025-05-16 19:09:32	NewBlock 3, Chunks: 0,
2025-05-16 19:09:32	NewBlock 4, Chunks: 0,
2025-05-16 19:09:32	NewBlock 5, Chunks: 0,
2025-05-16 19:09:33	NewBlock 6, Chunks: 0,
2025-05-16 19:09:33	NewBlock 7, Chunks: 0,
2025-05-16 19:09:33	NewBlock 8, Chunks: 0,
2025-05-16 19:09:33	NewBlock 9, Chunks: 0,
2025-05-16 19:09:33	NewBlock 10, Chunks: 0,
2025-05-16 19:09:33	NewBlock 11, Chunks: 0,
2025-05-16 19:09:33	NewBlock 12, Chunks: 0,
2025-05-16 19:09:33	NewBlock 13, Chunks: 0,
2025-05-16 19:09:33	NewBlock 14, Chunks: 0,
2025-05-16 19:09:33	NewBlock 15, Chunks: 0,
2025-05-16 19:09:33	NewBlock 16, Chunks: 0,
2025-05-16 19:09:33	NewBlock 17, Chunks: 0,
2025-05-16 19:09:33	NewBlock 18, Chunks: 0,
2025-05-16 19:09:33	NewBlock 19, Chunks: 0,
2025-05-16 19:09:33	NewBlock 20, Chunks: 0,
2025-05-16 19:09:33	NewBlock 21, Chunks: 0,
2025-05-16 19:09:33	NewBlock 22, Chunks: 0,
2025-05-16 19:09:33	NewBlock 23, Chunks: 0,
2025-05-16 19:09:33	NewBlock 24, Chunks: 0,
2025-05-16 19:09:34	NewBlock 25, Chunks: 0,
2025-05-16 19:09:34	NewBlock 26, Chunks: 0,
2025-05-16 19:09:34	NewBlock 27, Chunks: 0,
2025-05-16 19:09:34	NewBlock 28, Chunks: 0,
2025-05-16 19:09:34	NewBlock 29, Chunks: 0,
2025-05-16 19:09:34	NewBlock 30, Chunks: 0,
2025-05-16 19:09:34	NewBlock 31, Chunks: 0,
2025-05-16 19:09:34	NewBlock 32, Chunks: 0,
2025-05-16 19:09:34	NewBlock 33, Chunks: 0,
2025-05-16 19:09:34	NewBlock 34, Chunks: 0,
2025-05-16 19:09:34	NewBlock 35, Chunks: 0,
2025-05-16 19:09:34	NewBlock 36, Chunks: 0,
2025-05-16 19:09:34	NewBlock 37, Chunks: 0,
2025-05-16 19:09:34	NewBlock 38, Chunks: 0,
2025-05-16 19:09:34	NewBlock 39, Chunks: 0,
2025-05-16 19:09:35	NewBlock 40, Chunks: 0,
2025-05-16 19:09:35	NewBlock 41, Chunks: 0,
2025-05-16 19:09:35	NewBlock 42, Chunks: 0,
2025-05-16 19:09:35	NewBlock 43, Chunks: 0,
2025-05-16 19:09:35	NewBlock 44, Chunks: 0,
2025-05-16 19:09:35	NewBlock 45, Chunks: 0,
2025-05-16 19:09:35	NewBlock 46, Chunks: 0,
2025-05-16 19:09:35	NewBlock 47, Chunks: 0,
2025-05-16 19:09:35	NewBlock 48, Chunks: 0,
2025-05-16 19:09:35	NewBlock 49, Chunks: 0,
2025-05-16 19:09:35	NewBlock 50, Chunks: 0,
2025-05-16 19:09:35	NewBlock 51, Chunks: 0,
2025-05-16 19:09:35	NewBlock 52, Chunks: 0,
2025-05-16 19:09:35	NewBlock 53, Chunks: 0,
2025-05-16 19:09:35	NewBlock 54, Chunks: 0,
2025-05-16 19:09:35	NewBlock 55, Chunks: 0,
2025-05-16 19:09:36	NewBlock 56, Chunks: 0,
2025-05-16 19:09:36	NewBlock 57, Chunks: 0,
2025-05-16 19:09:36	NewBlock 58, Chunks: 0,
2025-05-16 19:09:36	NewBlock 59, Chunks: 0,
2025-05-16 19:09:36	NewBlock 60, Chunks: 0,
2025-05-16 19:09:36	NewBlock 61, Chunks: 0,
2025-05-16 19:09:36	NewBlock 62, Chunks: 0,
2025-05-16 19:09:36	NewBlock 63, Chunks: 0,
2025-05-16 19:09:36	NewBlock 64, Chunks: 0,
2025-05-16 19:09:36	NewBlock 65, Chunks: 0,
2025-05-16 19:09:36	NewBlock 66, Chunks: 0,
2025-05-16 19:09:36	NewBlock 67, Chunks: 0,
2025-05-16 19:09:36	NewBlock 68, Chunks: 0,
2025-05-16 19:09:36	NewBlock 69, Chunks: 0,
2025-05-16 19:09:36	NewBlock 70, Chunks: 0,
2025-05-16 19:09:36	NewBlock 71, Chunks: 0,
2025-05-16 19:09:37	NewBlock 72, Chunks: 0,
2025-05-16 19:09:37	NewBlock 73, Chunks: 0,
2025-05-16 19:09:37	NewBlock 74, Chunks: 0,
2025-05-16 19:09:37	NewBlock 75, Chunks: 0,
2025-05-16 19:09:37	NewBlock 76, Chunks: 0,
2025-05-16 19:09:37	NewBlock 77, Chunks: 0,
2025-05-16 19:09:37	NewBlock 78, Chunks: 0,
2025-05-16 19:09:37	NewBlock 79, Chunks: 0,
2025-05-16 19:09:37	NewBlock 80, Chunks: 0,
2025-05-16 19:09:37	NewBlock 81, Chunks: 0,
2025-05-16 19:09:37	NewBlock 82, Chunks: 0,
2025-05-16 19:09:37	NewBlock 83, Chunks: 0,
2025-05-16 19:09:37	NewBlock 84, Chunks: 0,
2025-05-16 19:09:37	NewBlock 85, Chunks: 0,
2025-05-16 19:09:37	NewBlock 86, Chunks: 0,
2025-05-16 19:09:37	NewBlock 87, Chunks: 0,
2025-05-16 19:09:37	NewBlock 88, Chunks: 0,
2025-05-16 19:09:37	NewBlock 89, Chunks: 0,
2025-05-16 19:09:38	NewBlock 90, Chunks: 0,
2025-05-16 19:09:38	NewBlock 91, Chunks: 0,
2025-05-16 19:09:38	NewBlock 92, Chunks: 0,
2025-05-16 19:09:38	NewBlock 93, Chunks: 0,
2025-05-16 19:09:38	NewBlock 94, Chunks: 0,
2025-05-16 19:09:38	NewBlock 95, Chunks: 0,
2025-05-16 19:09:38	NewBlock 96, Chunks: 0,
2025-05-16 19:09:38	NewBlock 97, Chunks: 0,
2025-05-16 19:09:38	NewBlock 98, Chunks: 0,
2025-05-16 19:09:38	NewBlock 99, Chunks: 0,
2025-05-16 19:09:38	NewBlock 100, Chunks: 0,
2025-05-16 19:09:38	NewBlock 101, Chunks: 0,
2025-05-16 19:09:38	NewBlock 102, Chunks: 0,
2025-05-16 19:09:38	NewBlock 103, Chunks: 0,
2025-05-16 19:09:38	NewBlock 104, Chunks: 0,
2025-05-16 19:09:38	NewBlock 105, Chunks: 0,
2025-05-16 19:09:38	NewBlock 106, Chunks: 0,
2025-05-16 19:09:38	NewBlock 107, Chunks: 0,
2025-05-16 19:09:39	NewBlock 108, Chunks: 0,
2025-05-16 19:09:39	NewBlock 109, Chunks: 0,
2025-05-16 19:09:39	NewBlock 110, Chunks: 0,
2025-05-16 19:09:39	NewBlock 111, Chunks: 0,
2025-05-16 19:09:39	NewBlock 112, Chunks: 0,
2025-05-16 19:09:39	NewBlock 113, Chunks: 0,
2025-05-16 19:09:39	NewBlock 114, Chunks: 0,
2025-05-16 19:09:39	NewBlock 115, Chunks: 0,
2025-05-16 19:09:39	NewBlock 116, Chunks: 0,
2025-05-16 19:09:39	NewBlock 117, Chunks: 0,
2025-05-16 19:09:39	NewBlock 118, Chunks: 0,
2025-05-16 19:09:39	NewBlock 119, Chunks: 0,
2025-05-16 19:09:39	NewBlock 120, Chunks: 0,
2025-05-16 19:09:39	NewBlock 121, Chunks: 0,
2025-05-16 19:09:39	NewBlock 122, Chunks: 0,
2025-05-16 19:09:39	NewBlock 123, Chunks: 0,
2025-05-16 19:09:39	NewBlock 124, Chunks: 0,
2025-05-16 19:09:40	NewBlock 125, Chunks: 0,
2025-05-16 19:09:40	NewBlock 126, Chunks: 0,
2025-05-16 19:09:40	NewBlock 127, Chunks: 0,
2025-05-16 19:09:40	NewBlock 128, Chunks: 0,
2025-05-16 19:09:40	NewBlock 129, Chunks: 0,
2025-05-16 19:09:40	NewBlock 130, Chunks: 0,
2025-05-16 19:09:40	NewBlock 131, Chunks: 0,
2025-05-16 19:09:40	NewBlock 132, Chunks: 0,
2025-05-16 19:09:40	NewBlock 133, Chunks: 0,
2025-05-16 19:09:40	NewBlock 134, Chunks: 0,
2025-05-16 19:09:40	NewBlock 135, Chunks: 0,
2025-05-16 19:09:40	NewBlock 136, Chunks: 0,
2025-05-16 19:09:41	NewBlock 137, Chunks: 0,
2025-05-16 19:09:41	NewBlock 138, Chunks: 0,
2025-05-16 19:09:41	NewBlock 139, Chunks: 0,
2025-05-16 19:09:41	NewBlock 140, Chunks: 0,
2025-05-16 19:09:41	NewBlock 141, Chunks: 0,
2025-05-16 19:09:41	NewBlock 142, Chunks: 0,
2025-05-16 19:09:41	NewBlock 143, Chunks: 0,
2025-05-16 19:09:41	NewBlock 144, Chunks: 0,
2025-05-16 19:09:41	NewBlock 145, Chunks: 0,
2025-05-16 19:09:41	NewBlock 146, Chunks: 0,
2025-05-16 19:09:41	NewBlock 147, Chunks: 0,
2025-05-16 19:09:41	NewBlock 148, Chunks: 0,
2025-05-16 19:09:41	NewBlock 149, Chunks: 0,
2025-05-16 19:09:41	NewBlock 150, Chunks: 0,
2025-05-16 19:09:42	NewBlock 151, Chunks: 0,
2025-05-16 19:09:42	NewBlock 152, Chunks: 0,
2025-05-16 19:09:42	NewBlock 153, Chunks: 0,
2025-05-16 19:09:42	NewBlock 154, Chunks: 0,
2025-05-16 19:09:42	NewBlock 155, Chunks: 0,
2025-05-16 19:09:42	NewBlock 156, Chunks: 0,
2025-05-16 19:09:42	NewBlock 157, Chunks: 0,
2025-05-16 19:09:42	NewBlock 158, Chunks: 0,
2025-05-16 19:09:42	NewBlock 159, Chunks: 0,
2025-05-16 19:09:42	NewBlock 160, Chunks: 0,
2025-05-16 19:09:42	NewBlock 161, Chunks: 0,
2025-05-16 19:09:42	NewBlock 162, Chunks: 0,
2025-05-16 19:09:42	NewBlock 163, Chunks: 0,
2025-05-16 19:09:42	NewBlock 164, Chunks: 0,
2025-05-16 19:09:42	NewBlock 165, Chunks: 0,
2025-05-16 19:09:42	NewBlock 166, Chunks: 0,
2025-05-16 19:09:42	NewBlock 167, Chunks: 0,
2025-05-16 19:09:42	NewBlock 168, Chunks: 0,
2025-05-16 19:09:43	NewBlock 169, Chunks: 0,
2025-05-16 19:09:43	NewBlock 170, Chunks: 0,
2025-05-16 19:09:43	NewBlock 171, Chunks: 0,
2025-05-16 19:09:43	NewBlock 172, Chunks: 0,
2025-05-16 19:09:43	NewBlock 173, Chunks: 0,
2025-05-16 19:09:43	NewBlock 174, Chunks: 0,
2025-05-16 19:09:43	NewBlock 175, Chunks: 0,
2025-05-16 19:09:43	NewBlock 176, Chunks: 0,
2025-05-16 19:09:43	NewBlock 177, Chunks: 0,
2025-05-16 19:09:43	NewBlock 178, Chunks: 0,
2025-05-16 19:09:43	NewBlock 179, Chunks: 0,
2025-05-16 19:09:43	NewBlock 180, Chunks: 0,
2025-05-16 19:09:43	NewBlock 181, Chunks: 0,
2025-05-16 19:09:43	NewBlock 182, Chunks: 0,
2025-05-16 19:09:43	NewBlock 183, Chunks: 0,
2025-05-16 19:09:43	NewBlock 184, Chunks: 0,
2025-05-16 19:09:43	NewBlock 185, Chunks: 0,
2025-05-16 19:09:43	NewBlock 186, Chunks: 0,
2025-05-16 19:09:44	NewBlock 187, Chunks: 0,
2025-05-16 19:09:44	NewBlock 188, Chunks: 0,
2025-05-16 19:09:44	NewBlock 189, Chunks: 0,
2025-05-16 19:09:44	NewBlock 190, Chunks: 0,
2025-05-16 19:09:44	NewBlock 191, Chunks: 0,
2025-05-16 19:09:44	NewBlock 192, Chunks: 0,
2025-05-16 19:09:44	NewBlock 193, Chunks: 0,
2025-05-16 19:09:44	NewBlock 194, Chunks: 0,
2025-05-16 19:09:44	NewBlock 195, Chunks: 0,
2025-05-16 19:09:44	NewBlock 196, Chunks: 0,
2025-05-16 19:09:44	NewBlock 197, Chunks: 0,
2025-05-16 19:09:44	NewBlock 198, Chunks: 0,
2025-05-16 19:09:44	NewBlock 199, Chunks: 0,
2025-05-16 19:09:44	NewBlock 200, Chunks: 0,
2025-05-16 19:09:44	NewBlock 201, Chunks: 0,
2025-05-16 19:09:44	NewBlock 202, Chunks: 0,
2025-05-16 19:09:44	NewBlock 203, Chunks: 0,
2025-05-16 19:09:45	NewBlock 204, Chunks: 0,
2025-05-16 19:09:45	NewBlock 205, Chunks: 0,
2025-05-16 19:09:45	NewBlock 206, Chunks: 0,
2025-05-16 19:09:45	NewBlock 207, Chunks: 0,
2025-05-16 19:09:45	NewBlock 208, Chunks: 0,
2025-05-16 19:09:45	NewBlock 209, Chunks: 0,
2025-05-16 19:09:45	NewBlock 210, Chunks: 0,
2025-05-16 19:09:45	NewBlock 211, Chunks: 0,
2025-05-16 19:09:45	NewBlock 212, Chunks: 0,
2025-05-16 19:09:45	NewBlock 213, Chunks: 0,
2025-05-16 19:09:45	NewBlock 214, Chunks: 0,
2025-05-16 19:09:45	NewBlock 215, Chunks: 0,
2025-05-16 19:09:45	NewBlock 216, Chunks: 0,
2025-05-16 19:09:46	NewBlock 217, Chunks: 0,
2025-05-16 19:09:46	NewBlock 218, Chunks: 0,
2025-05-16 19:09:46	NewBlock 219, Chunks: 0,
2025-05-16 19:09:46	NewBlock 220, Chunks: 0,
2025-05-16 19:09:46	NewBlock 221, Chunks: 0,
2025-05-16 19:09:46	NewBlock 222, Chunks: 0,
2025-05-16 19:09:46	NewBlock 223, Chunks: 0,
2025-05-16 19:09:46	NewBlock 224, Chunks: 0,
2025-05-16 19:09:46	NewBlock 225, Chunks: 0,
2025-05-16 19:09:46	NewBlock 226, Chunks: 0,
2025-05-16 19:09:46	NewBlock 227, Chunks: 0,
2025-05-16 19:09:46	NewBlock 228, Chunks: 0,
2025-05-16 19:51:11	NewBlock 229, Chunks: 0,
2025-05-16 19:51:16	NewBlock 230, Chunks: 0,
2025-05-16 19:51:17	NewBlock 231, Chunks: 0,
2025-05-16 19:51:19	NewBlock 232, Chunks: 0,
2025-05-16 19:51:25	NewBlock 233, Chunks: 0,
2025-05-16 19:51:27	NewBlock 234, Chunks: 0,
2025-05-16 19:51:31	NewBlock 235, Chunks: 0,
2025-05-16 19:51:47	NewBlock 236, Chunks: 0,
2025-05-16 19:51:54	NewBlock 237, Chunks: 0,
2025-05-16 19:51:56	NewBlock 238, Chunks: 0,
2025-05-16 19:51:57	NewBlock 239, Chunks: 0,
2025-05-16 19:58:05	NewBlock 240, Chunks: 0,
2025-05-16 19:58:14	NewBlock 241, Chunks: 0,
2025-05-16 19:58:23	NewBlock 242, Chunks: 0,
2025-05-16 19:58:32	NewBlock 243, Chunks: 0,
2025-05-16 19:58:42	NewBlock 244, Chunks: 0,
2025-05-16 19:58:46	NewBlock 245, Chunks: 0,
2025-05-16 19:58:56	NewBlock 246, Chunks: 0,
2025-05-16 19:59:03	NewBlock 247, Chunks: 0,
2025-05-16 19:59:09	NewBlock 248, Chunks: 0,
2025-05-16 19:59:10	NewBlock 249, Chunks: 0,
2025-05-16 19:59:20	NewBlock 250, Chunks: 0,
2025-05-16 20:00:43	NewBlock 251, Chunks: 0,
2025-05-16 20:00:51	NewBlock 252, Chunks: 0,
2025-05-16 20:00:55	NewBlock 253, Chunks: 0,
2025-05-16 20:01:09	NewBlock 254, Chunks: 0,
2025-05-16 20:01:20	NewBlock 255, Chunks: 0,
2025-05-16 20:01:35	NewBlock 256, Chunks: 0,
2025-05-16 20:01:49	NewBlock 257, Chunks: 0,
2025-05-16 20:01:58	NewBlock 258, Chunks: 0,
2025-05-16 20:02:08	NewBlock 259, Chunks: 0,
2025-05-16 20:02:29	NewBlock 260, Chunks: 0,
2025-05-16 20:02:42	NewBlock 261, Chunks: 0,
2025-05-16 22:52:42	NewBlock 262, Chunks: 0,
2025-05-16 22:52:55	NewBlock 263, Chunks: 0,
2025-05-16 22:53:08	NewBlock 264, Chunks: 0,
2025-05-16 22:53:24	NewBlock 265, Chunks: 0,
2025-05-16 22:53:40	NewBlock 266, Chunks: 0,
2025-05-16 22:53:50	NewBlock 267, Chunks: 0,
2025-05-16 22:53:57	NewBlock 268, Chunks: 0,
2025-05-16 22:54:01	NewBlock 269, Chunks: 0,
2025-05-16 22:54:06	NewBlock 270, Chunks: 0,
2025-05-16 22:54:19	NewBlock 271, Chunks: 0,
2025-05-16 22:54:21	NewBlock 272, Chunks: 0,
2025-05-16 23:17:03	NewBlock 273, Chunks: 0,
2025-05-16 23:17:14	NewBlock 274, Chunks: 0,
2025-05-16 23:17:15	NewBlock 275, Chunks: 0,
2025-05-16 23:17:17	NewBlock 276, Chunks: 0,
2025-05-16 23:17:32	NewBlock 277, Chunks: 0,
2025-05-16 23:17:36	NewBlock 278, Chunks: 0,
2025-05-16 23:17:41	NewBlock 279, Chunks: 0,
2025-05-16 23:17:50	NewBlock 280, Chunks: 0,
2025-05-16 23:18:02	NewBlock 281, Chunks: 0,
2025-05-16 23:18:15	NewBlock 282, Chunks: 0,
2025-05-16 23:18:27	NewBlock 283, Chunks: 0,
2025-05-16 23:18:34	NewBlock 284, Chunks: 0,
2025-05-16 23:18:53	NewBlock 285, Chunks: 0,
2025-05-16 23:19:20	NewBlock 286, Chunks: 0,
2025-05-16 23:19:41	NewBlock 287, Chunks: 0,
2025-05-16 23:19:53	NewBlock 288, Chunks: 0,
2025-05-16 23:20:14	NewBlock 289, Chunks: 0,
2025-05-16 23:20:25	NewBlock 290, Chunks: 0,
2025-05-16 23:20:29	NewBlock 291, Chunks: 0,
2025-05-16 23:20:50	NewBlock 292, Chunks: 0,
2025-05-16 23:21:01	NewBlock 293, Chunks: 0,
2025-05-16 23:21:21	NewBlock 294, Chunks: 0,
2025-05-16 23:21:35	NewBlock 295, Chunks: 0,
2025-05-16 23:21:51	NewBlock 296, Chunks: 0,
2025-05-16 23:22:03	NewBlock 297, Chunks: 0,
2025-05-16 23:22:17	NewBlock 298, Chunks: 0,
2025-05-16 23:22:32	NewBlock 299, Chunks: 0,
2025-05-16 23:22:49	NewBlock 300, Chunks: 0,
2025-05-16 23:23:10	NewBlock 301, Chunks: 0,
2025-05-16 23:23:20	NewBlock 302, Chunks: 0,
2025-05-16 23:23:42	NewBlock 303, Chunks: 0,
2025-05-16 23:23:55	NewBlock 304, Chunks: 0,
2025-05-16 23:24:04	NewBlock 305, Chunks: 0,
2025-05-16 23:31:55	NewBlock 306, Chunks: 0,
2025-05-16 23:32:03	NewBlock 307, Chunks: 0,
2025-05-16 23:32:04	NewBlock 308, Chunks: 0,
2025-05-16 23:32:15	NewBlock 309, Chunks: 0,
2025-05-16 23:32:23	NewBlock 310, Chunks: 0,
2025-05-16 23:32:26	NewBlock 311, Chunks: 0,
2025-05-16 23:32:40	NewBlock 312, Chunks: 0,
2025-05-16 23:32:43	NewBlock 313, Chunks: 0,
2025-05-16 23:32:57	NewBlock 314, Chunks: 0,
2025-05-16 23:33:09	NewBlock 315, Chunks: 0,
2025-05-16 23:33:13	NewBlock 316, Chunks: 0,
2025-05-16 23:33:27	NewBlock 317, Chunks: 0,
2025-05-16 23:33:44	NewBlock 318, Chunks: 0,
2025-05-16 23:34:14	NewBlock 319, Chunks: 0,
2025-05-16 23:34:38	NewBlock 320, Chunks: 0,
2025-05-16 23:34:42	NewBlock 321, Chunks: 0,
2025-05-16 23:35:05	NewBlock 322, Chunks: 0,
2025-05-16 23:35:18	NewBlock 323, Chunks: 0,
2025-05-16 23:35:28	NewBlock 324, Chunks: 0,
2025-05-16 23:35:36	NewBlock 325, Chunks: 0,
2025-05-16 23:35:51	NewBlock 326, Chunks: 0,
2025-05-16 23:36:15	NewBlock 327, Chunks: 0,
2025-05-16 23:36:26	NewBlock 328, Chunks: 0,
2025-05-16 23:36:36	NewBlock 329, Chunks: 0,
2025-05-16 23:36:57	NewBlock 330, Chunks: 0,
2025-05-16 23:37:17	NewBlock 331, Chunks: 0,
2025-05-16 23:37:28	NewBlock 332, Chunks: 0,
2025-05-16 23:46:12	NewBlock 333, Chunks: 0,
2025-05-16 23:46:24	NewBlock 334, Chunks: 0,
2025-05-16 23:46:36	NewBlock 335, Chunks: 0,
2025-05-16 23:46:48	NewBlock 336, Chunks: 0,
2025-05-16 23:46:55	NewBlock 337, Chunks: 0,
2025-05-16 23:46:58	NewBlock 338, Chunks: 0,
2025-05-16 23:47:03	NewBlock 339, Chunks: 0,
2025-05-16 23:47:17	NewBlock 340, Chunks: 0,
2025-05-16 23:47:18	NewBlock 341, Chunks: 0,
2025-05-16 23:47:26	NewBlock 342, Chunks: 0,
2025-05-16 23:47:36	NewBlock 343, Chunks: 0,
2025-05-16 23:47:48	NewBlock 344, Chunks: 0,
2025-05-16 23:48:05	NewBlock 345, Chunks: 0,
2025-05-16 23:48:35	NewBlock 346, Chunks: 0,
2025-05-16 23:49:04	NewBlock 347, Chunks: 0,
2025-05-16 23:49:13	NewBlock 348, Chunks: 0,
2025-05-17 00:28:21	NewBlock 349, Chunks: 0,
2025-05-17 00:28:27	NewBlock 350, Chunks: 0,
2025-05-17 00:28:41	NewBlock 351, Chunks: 0,
2025-05-17 00:28:46	NewBlock 352, Chunks: 0,
2025-05-17 00:28:54	NewBlock 353, Chunks: 0,
2025-05-17 00:28:59	NewBlock 354, Chunks: 0,
2025-05-17 00:29:15	NewBlock 355, Chunks: 0,
2025-05-17 00:29:19	NewBlock 356, Chunks: 0,
2025-05-17 00:29:31	NewBlock 357, Chunks: 0,
2025-05-17 00:29:40	NewBlock 358, Chunks: 0,
2025-05-17 00:29:43	NewBlock 359, Chunks: 0,
